============================= test session starts ==============================
platform darwin -- Python 3.10.11, pytest-9.0.0, pluggy-1.5.0
rootdir: /Users/nelsonattah/Projects/carepoint_hms
configfile: pyproject.toml
plugins: anyio-4.3.0, env-1.2.0, mock-3.14.0
collected 5 items

app/tests/integration/test_approval_workflow_integration.py::TestApprovalWorkflowIntegration::test_leave_approval_workflow ERROR [ 20%]
app/tests/integration/test_approval_workflow_integration.py::TestApprovalWorkflowIntegration::test_timesheet_approval_workflow PASSED [ 40%]
app/tests/integration/test_approval_workflow_integration.py::TestApprovalWorkflowIntegration::test_timesheet_multi_step_approval_workflow FAILED [ 60%]
app/tests/integration/test_approval_workflow_integration.py::TestApprovalWorkflowIntegration::test_staff_request_approval_workflow FAILED [ 80%]
app/tests/integration/test_approval_workflow_integration.py::TestApprovalWorkflowIntegration::test_overtime_approval_workflow PASSED [100%]

==================================== ERRORS ====================================
_ ERROR at setup of TestApprovalWorkflowIntegration.test_leave_approval_workflow _
../../.pyenv/versions/3.10.11/lib/python3.10/site-packages/sqlalchemy/engine/base.py:1967: in _exec_single_context
    self.dialect.do_execute(
../../.pyenv/versions/3.10.11/lib/python3.10/site-packages/sqlalchemy/engine/default.py:952: in do_execute
    cursor.execute(statement, parameters)
E   psycopg2.errors.UniqueViolation: duplicate key value violates unique constraint "ix_leave_type_code"
E   DETAIL:  Key (code)=(ANNUAL) already exists.

The above exception was the direct cause of the following exception:
app/tests/integration/test_approval_workflow_integration.py:46: in leave_type
    db_session.commit()
../../.pyenv/versions/3.10.11/lib/python3.10/site-packages/sqlalchemy/orm/session.py:2030: in commit
    trans.commit(_to_root=True)
<string>:2: in commit
    ???
../../.pyenv/versions/3.10.11/lib/python3.10/site-packages/sqlalchemy/orm/state_changes.py:137: in _go
    ret_value = fn(self, *arg, **kw)
../../.pyenv/versions/3.10.11/lib/python3.10/site-packages/sqlalchemy/orm/session.py:1311: in commit
    self._prepare_impl()
<string>:2: in _prepare_impl
    ???
../../.pyenv/versions/3.10.11/lib/python3.10/site-packages/sqlalchemy/orm/state_changes.py:137: in _go
    ret_value = fn(self, *arg, **kw)
../../.pyenv/versions/3.10.11/lib/python3.10/site-packages/sqlalchemy/orm/session.py:1286: in _prepare_impl
    self.session.flush()
../../.pyenv/versions/3.10.11/lib/python3.10/site-packages/sqlalchemy/orm/session.py:4331: in flush
    self._flush(objects)
../../.pyenv/versions/3.10.11/lib/python3.10/site-packages/sqlalchemy/orm/session.py:4466: in _flush
    with util.safe_reraise():
../../.pyenv/versions/3.10.11/lib/python3.10/site-packages/sqlalchemy/util/langhelpers.py:121: in __exit__
    raise exc_value.with_traceback(exc_tb)
../../.pyenv/versions/3.10.11/lib/python3.10/site-packages/sqlalchemy/orm/session.py:4427: in _flush
    flush_context.execute()
../../.pyenv/versions/3.10.11/lib/python3.10/site-packages/sqlalchemy/orm/unitofwork.py:466: in execute
    rec.execute(self)
../../.pyenv/versions/3.10.11/lib/python3.10/site-packages/sqlalchemy/orm/unitofwork.py:642: in execute
    util.preloaded.orm_persistence.save_obj(
../../.pyenv/versions/3.10.11/lib/python3.10/site-packages/sqlalchemy/orm/persistence.py:93: in save_obj
    _emit_insert_statements(
../../.pyenv/versions/3.10.11/lib/python3.10/site-packages/sqlalchemy/orm/persistence.py:1233: in _emit_insert_statements
    result = connection.execute(
../../.pyenv/versions/3.10.11/lib/python3.10/site-packages/sqlalchemy/engine/base.py:1419: in execute
    return meth(
../../.pyenv/versions/3.10.11/lib/python3.10/site-packages/sqlalchemy/sql/elements.py:527: in _execute_on_connection
    return connection._execute_clauseelement(
../../.pyenv/versions/3.10.11/lib/python3.10/site-packages/sqlalchemy/engine/base.py:1641: in _execute_clauseelement
    ret = self._execute_context(
../../.pyenv/versions/3.10.11/lib/python3.10/site-packages/sqlalchemy/engine/base.py:1846: in _execute_context
    return self._exec_single_context(
../../.pyenv/versions/3.10.11/lib/python3.10/site-packages/sqlalchemy/engine/base.py:1986: in _exec_single_context
    self._handle_dbapi_exception(
../../.pyenv/versions/3.10.11/lib/python3.10/site-packages/sqlalchemy/engine/base.py:2363: in _handle_dbapi_exception
    raise sqlalchemy_exception.with_traceback(exc_info[2]) from e
../../.pyenv/versions/3.10.11/lib/python3.10/site-packages/sqlalchemy/engine/base.py:1967: in _exec_single_context
    self.dialect.do_execute(
../../.pyenv/versions/3.10.11/lib/python3.10/site-packages/sqlalchemy/engine/default.py:952: in do_execute
    cursor.execute(statement, parameters)
E   sqlalchemy.exc.IntegrityError: (psycopg2.errors.UniqueViolation) duplicate key value violates unique constraint "ix_leave_type_code"
E   DETAIL:  Key (code)=(ANNUAL) already exists.
E   
E   [SQL: INSERT INTO leave_type (code, name, kind, default_annual_days, is_paid, requires_approval, description, is_active, is_deleted, date_created, date_updated, date_deleted, created_by_id, updated_by_id, deleted_by_id) VALUES (%(code)s, %(name)s, %(kind)s, %(default_annual_days)s, %(is_paid)s, %(requires_approval)s, %(description)s, %(is_active)s, %(is_deleted)s, %(date_created)s, %(date_updated)s, %(date_deleted)s, %(created_by_id)s, %(updated_by_id)s, %(deleted_by_id)s) RETURNING leave_type.id]
E   [parameters: {'code': 'ANNUAL', 'name': 'Annual Leave', 'kind': 'OTHER', 'default_annual_days': None, 'is_paid': True, 'requires_approval': True, 'description': None, 'is_active': True, 'is_deleted': False, 'date_created': datetime.datetime(2026, 5, 5, 22, 27, 38, 206776, tzinfo=datetime.timezone.utc), 'date_updated': datetime.datetime(2026, 5, 5, 22, 27, 38, 206778, tzinfo=datetime.timezone.utc), 'date_deleted': None, 'created_by_id': None, 'updated_by_id': None, 'deleted_by_id': None}]
E   (Background on this error at: https://sqlalche.me/e/20/gkpj)
---------------------------- Captured stdout setup -----------------------------
2026-05-05 23:27:37,259 INFO sqlalchemy.engine.Engine select pg_catalog.version()
2026-05-05 23:27:37,259 INFO sqlalchemy.engine.Engine [raw sql] {}
2026-05-05 23:27:37,260 INFO sqlalchemy.engine.Engine select current_schema()
2026-05-05 23:27:37,260 INFO sqlalchemy.engine.Engine [raw sql] {}
2026-05-05 23:27:37,260 INFO sqlalchemy.engine.Engine show standard_conforming_strings
2026-05-05 23:27:37,260 INFO sqlalchemy.engine.Engine [raw sql] {}
2026-05-05 23:27:37,263 INFO sqlalchemy.engine.Engine BEGIN (implicit)
2026-05-05 23:27:37,263 INFO sqlalchemy.engine.Engine SELECT pg_catalog.pg_class.relname 
FROM pg_catalog.pg_class JOIN pg_catalog.pg_namespace ON pg_catalog.pg_namespace.oid = pg_catalog.pg_class.relnamespace 
WHERE pg_catalog.pg_class.relname = %(table_name)s AND pg_catalog.pg_class.relkind = ANY (ARRAY[%(param_1)s, %(param_2)s, %(param_3)s, %(param_4)s, %(param_5)s]) AND pg_catalog.pg_table_is_visible(pg_catalog.pg_class.oid) AND pg_catalog.pg_namespace.nspname != %(nspname_1)s
2026-05-05 23:27:37,263 INFO sqlalchemy.engine.Engine [generated in 0.00013s] {'table_name': 'user', 'param_1': 'r', 'param_2': 'p', 'param_3': 'f', 'param_4': 'v', 'param_5': 'm', 'nspname_1': 'pg_catalog'}
2026-05-05 23:27:37,265 INFO sqlalchemy.engine.Engine ROLLBACK
2026-05-05 23:27:37,265 INFO sqlalchemy.engine.Engine BEGIN (implicit)
2026-05-05 23:27:37,266 INFO sqlalchemy.engine.Engine ALTER TABLE purchase_requisition ADD COLUMN IF NOT EXISTS approval_request_id BIGINT
2026-05-05 23:27:37,266 INFO sqlalchemy.engine.Engine [generated in 0.00008s] {}
2026-05-05 23:27:37,267 INFO sqlalchemy.engine.Engine ALTER TABLE salary_advance ADD COLUMN IF NOT EXISTS approval_request_id BIGINT
2026-05-05 23:27:37,267 INFO sqlalchemy.engine.Engine [generated in 0.00005s] {}
2026-05-05 23:27:37,267 INFO sqlalchemy.engine.Engine ALTER TABLE leave_request ADD COLUMN IF NOT EXISTS approval_request_id BIGINT
2026-05-05 23:27:37,267 INFO sqlalchemy.engine.Engine [generated in 0.00005s] {}
2026-05-05 23:27:37,267 INFO sqlalchemy.engine.Engine ALTER TABLE reimbursement_request ADD COLUMN IF NOT EXISTS approval_request_id BIGINT
2026-05-05 23:27:37,267 INFO sqlalchemy.engine.Engine [generated in 0.00005s] {}
2026-05-05 23:27:37,268 INFO sqlalchemy.engine.Engine COMMIT
2026-05-05 23:27:37,878 INFO sqlalchemy.engine.Engine BEGIN (implicit)
2026-05-05 23:27:37,879 INFO sqlalchemy.engine.Engine SELECT permission.name AS permission_name, permission.code AS permission_code, permission.module AS permission_module, permission.description AS permission_description, permission.is_system AS permission_is_system, permission.id AS permission_id, permission.is_active AS permission_is_active, permission.is_deleted AS permission_is_deleted, permission.date_created AS permission_date_created, permission.date_updated AS permission_date_updated, permission.date_deleted AS permission_date_deleted, permission.created_by_id AS permission_created_by_id, permission.updated_by_id AS permission_updated_by_id, permission.deleted_by_id AS permission_deleted_by_id 
FROM permission 
WHERE permission.is_deleted IS false
2026-05-05 23:27:37,879 INFO sqlalchemy.engine.Engine [generated in 0.00010s] {}
2026-05-05 23:27:37,886 INFO sqlalchemy.engine.Engine SELECT role.name AS role_name, role.code AS role_code, role.description AS role_description, role.is_system AS role_is_system, role.id AS role_id, role.is_active AS role_is_active, role.is_deleted AS role_is_deleted, role.date_created AS role_date_created, role.date_updated AS role_date_updated, role.date_deleted AS role_date_deleted, role.created_by_id AS role_created_by_id, role.updated_by_id AS role_updated_by_id, role.deleted_by_id AS role_deleted_by_id 
FROM role 
WHERE role.is_deleted IS false
2026-05-05 23:27:37,886 INFO sqlalchemy.engine.Engine [generated in 0.00008s] {}
2026-05-05 23:27:37,889 INFO sqlalchemy.engine.Engine SELECT role.name, role.code, role.description, role.is_system, role.id, role.is_active, role.is_deleted, role.date_created, role.date_updated, role.date_deleted, role.created_by_id, role.updated_by_id, role.deleted_by_id 
FROM role 
WHERE role.id = %(pk_1)s
2026-05-05 23:27:37,889 INFO sqlalchemy.engine.Engine [generated in 0.00009s] {'pk_1': 1}
2026-05-05 23:27:37,890 INFO sqlalchemy.engine.Engine SELECT role_permission_association.role_id AS role_permission_association_role_id, role_permission_association.permission_id AS role_permission_association_permission_id, role_permission_association.id AS role_permission_association_id, role_permission_association.is_active AS role_permission_association_is_active, role_permission_association.is_deleted AS role_permission_association_is_deleted, role_permission_association.date_created AS role_permission_association_date_created, role_permission_association.date_updated AS role_permission_association_date_updated, role_permission_association.date_deleted AS role_permission_association_date_deleted, role_permission_association.created_by_id AS role_permission_association_created_by_id, role_permission_association.updated_by_id AS role_permission_association_updated_by_id, role_permission_association.deleted_by_id AS role_permission_association_deleted_by_id 
FROM role_permission_association 
WHERE %(param_1)s = role_permission_association.role_id
2026-05-05 23:27:37,890 INFO sqlalchemy.engine.Engine [generated in 0.00007s] {'param_1': 1}
2026-05-05 23:27:37,897 INFO sqlalchemy.engine.Engine SELECT role.name, role.code, role.description, role.is_system, role.id, role.is_active, role.is_deleted, role.date_created, role.date_updated, role.date_deleted, role.created_by_id, role.updated_by_id, role.deleted_by_id 
FROM role 
WHERE role.id = %(pk_1)s
2026-05-05 23:27:37,897 INFO sqlalchemy.engine.Engine [cached since 0.007611s ago] {'pk_1': 2}
2026-05-05 23:27:37,897 INFO sqlalchemy.engine.Engine SELECT role_permission_association.role_id AS role_permission_association_role_id, role_permission_association.permission_id AS role_permission_association_permission_id, role_permission_association.id AS role_permission_association_id, role_permission_association.is_active AS role_permission_association_is_active, role_permission_association.is_deleted AS role_permission_association_is_deleted, role_permission_association.date_created AS role_permission_association_date_created, role_permission_association.date_updated AS role_permission_association_date_updated, role_permission_association.date_deleted AS role_permission_association_date_deleted, role_permission_association.created_by_id AS role_permission_association_created_by_id, role_permission_association.updated_by_id AS role_permission_association_updated_by_id, role_permission_association.deleted_by_id AS role_permission_association_deleted_by_id 
FROM role_permission_association 
WHERE %(param_1)s = role_permission_association.role_id
2026-05-05 23:27:37,897 INFO sqlalchemy.engine.Engine [cached since 0.00687s ago] {'param_1': 2}
2026-05-05 23:27:37,898 INFO sqlalchemy.engine.Engine SELECT role.name, role.code, role.description, role.is_system, role.id, role.is_active, role.is_deleted, role.date_created, role.date_updated, role.date_deleted, role.created_by_id, role.updated_by_id, role.deleted_by_id 
FROM role 
WHERE role.id = %(pk_1)s
2026-05-05 23:27:37,898 INFO sqlalchemy.engine.Engine [cached since 0.009246s ago] {'pk_1': 5}
2026-05-05 23:27:37,899 INFO sqlalchemy.engine.Engine SELECT role_permission_association.role_id AS role_permission_association_role_id, role_permission_association.permission_id AS role_permission_association_permission_id, role_permission_association.id AS role_permission_association_id, role_permission_association.is_active AS role_permission_association_is_active, role_permission_association.is_deleted AS role_permission_association_is_deleted, role_permission_association.date_created AS role_permission_association_date_created, role_permission_association.date_updated AS role_permission_association_date_updated, role_permission_association.date_deleted AS role_permission_association_date_deleted, role_permission_association.created_by_id AS role_permission_association_created_by_id, role_permission_association.updated_by_id AS role_permission_association_updated_by_id, role_permission_association.deleted_by_id AS role_permission_association_deleted_by_id 
FROM role_permission_association 
WHERE %(param_1)s = role_permission_association.role_id
2026-05-05 23:27:37,899 INFO sqlalchemy.engine.Engine [cached since 0.008356s ago] {'param_1': 5}
2026-05-05 23:27:37,899 INFO sqlalchemy.engine.Engine SELECT role.name, role.code, role.description, role.is_system, role.id, role.is_active, role.is_deleted, role.date_created, role.date_updated, role.date_deleted, role.created_by_id, role.updated_by_id, role.deleted_by_id 
FROM role 
WHERE role.id = %(pk_1)s
2026-05-05 23:27:37,899 INFO sqlalchemy.engine.Engine [cached since 0.01039s ago] {'pk_1': 6}
2026-05-05 23:27:37,900 INFO sqlalchemy.engine.Engine SELECT role_permission_association.role_id AS role_permission_association_role_id, role_permission_association.permission_id AS role_permission_association_permission_id, role_permission_association.id AS role_permission_association_id, role_permission_association.is_active AS role_permission_association_is_active, role_permission_association.is_deleted AS role_permission_association_is_deleted, role_permission_association.date_created AS role_permission_association_date_created, role_permission_association.date_updated AS role_permission_association_date_updated, role_permission_association.date_deleted AS role_permission_association_date_deleted, role_permission_association.created_by_id AS role_permission_association_created_by_id, role_permission_association.updated_by_id AS role_permission_association_updated_by_id, role_permission_association.deleted_by_id AS role_permission_association_deleted_by_id 
FROM role_permission_association 
WHERE %(param_1)s = role_permission_association.role_id
2026-05-05 23:27:37,900 INFO sqlalchemy.engine.Engine [cached since 0.009488s ago] {'param_1': 6}
2026-05-05 23:27:37,900 INFO sqlalchemy.engine.Engine SELECT role.name, role.code, role.description, role.is_system, role.id, role.is_active, role.is_deleted, role.date_created, role.date_updated, role.date_deleted, role.created_by_id, role.updated_by_id, role.deleted_by_id 
FROM role 
WHERE role.id = %(pk_1)s
2026-05-05 23:27:37,900 INFO sqlalchemy.engine.Engine [cached since 0.01135s ago] {'pk_1': 7}
2026-05-05 23:27:37,901 INFO sqlalchemy.engine.Engine SELECT role_permission_association.role_id AS role_permission_association_role_id, role_permission_association.permission_id AS role_permission_association_permission_id, role_permission_association.id AS role_permission_association_id, role_permission_association.is_active AS role_permission_association_is_active, role_permission_association.is_deleted AS role_permission_association_is_deleted, role_permission_association.date_created AS role_permission_association_date_created, role_permission_association.date_updated AS role_permission_association_date_updated, role_permission_association.date_deleted AS role_permission_association_date_deleted, role_permission_association.created_by_id AS role_permission_association_created_by_id, role_permission_association.updated_by_id AS role_permission_association_updated_by_id, role_permission_association.deleted_by_id AS role_permission_association_deleted_by_id 
FROM role_permission_association 
WHERE %(param_1)s = role_permission_association.role_id
2026-05-05 23:27:37,901 INFO sqlalchemy.engine.Engine [cached since 0.01044s ago] {'param_1': 7}
2026-05-05 23:27:37,901 INFO sqlalchemy.engine.Engine SELECT role.name, role.code, role.description, role.is_system, role.id, role.is_active, role.is_deleted, role.date_created, role.date_updated, role.date_deleted, role.created_by_id, role.updated_by_id, role.deleted_by_id 
FROM role 
WHERE role.id = %(pk_1)s
2026-05-05 23:27:37,901 INFO sqlalchemy.engine.Engine [cached since 0.01228s ago] {'pk_1': 9}
2026-05-05 23:27:37,902 INFO sqlalchemy.engine.Engine SELECT role_permission_association.role_id AS role_permission_association_role_id, role_permission_association.permission_id AS role_permission_association_permission_id, role_permission_association.id AS role_permission_association_id, role_permission_association.is_active AS role_permission_association_is_active, role_permission_association.is_deleted AS role_permission_association_is_deleted, role_permission_association.date_created AS role_permission_association_date_created, role_permission_association.date_updated AS role_permission_association_date_updated, role_permission_association.date_deleted AS role_permission_association_date_deleted, role_permission_association.created_by_id AS role_permission_association_created_by_id, role_permission_association.updated_by_id AS role_permission_association_updated_by_id, role_permission_association.deleted_by_id AS role_permission_association_deleted_by_id 
FROM role_permission_association 
WHERE %(param_1)s = role_permission_association.role_id
2026-05-05 23:27:37,902 INFO sqlalchemy.engine.Engine [cached since 0.01136s ago] {'param_1': 9}
2026-05-05 23:27:37,902 INFO sqlalchemy.engine.Engine SELECT role.name, role.code, role.description, role.is_system, role.id, role.is_active, role.is_deleted, role.date_created, role.date_updated, role.date_deleted, role.created_by_id, role.updated_by_id, role.deleted_by_id 
FROM role 
WHERE role.id = %(pk_1)s
2026-05-05 23:27:37,902 INFO sqlalchemy.engine.Engine [cached since 0.01318s ago] {'pk_1': 10}
2026-05-05 23:27:37,903 INFO sqlalchemy.engine.Engine SELECT role_permission_association.role_id AS role_permission_association_role_id, role_permission_association.permission_id AS role_permission_association_permission_id, role_permission_association.id AS role_permission_association_id, role_permission_association.is_active AS role_permission_association_is_active, role_permission_association.is_deleted AS role_permission_association_is_deleted, role_permission_association.date_created AS role_permission_association_date_created, role_permission_association.date_updated AS role_permission_association_date_updated, role_permission_association.date_deleted AS role_permission_association_date_deleted, role_permission_association.created_by_id AS role_permission_association_created_by_id, role_permission_association.updated_by_id AS role_permission_association_updated_by_id, role_permission_association.deleted_by_id AS role_permission_association_deleted_by_id 
FROM role_permission_association 
WHERE %(param_1)s = role_permission_association.role_id
2026-05-05 23:27:37,903 INFO sqlalchemy.engine.Engine [cached since 0.01223s ago] {'param_1': 10}
2026-05-05 23:27:37,903 INFO sqlalchemy.engine.Engine SELECT role.name, role.code, role.description, role.is_system, role.id, role.is_active, role.is_deleted, role.date_created, role.date_updated, role.date_deleted, role.created_by_id, role.updated_by_id, role.deleted_by_id 
FROM role 
WHERE role.id = %(pk_1)s
2026-05-05 23:27:37,903 INFO sqlalchemy.engine.Engine [cached since 0.01415s ago] {'pk_1': 11}
2026-05-05 23:27:37,904 INFO sqlalchemy.engine.Engine SELECT role_permission_association.role_id AS role_permission_association_role_id, role_permission_association.permission_id AS role_permission_association_permission_id, role_permission_association.id AS role_permission_association_id, role_permission_association.is_active AS role_permission_association_is_active, role_permission_association.is_deleted AS role_permission_association_is_deleted, role_permission_association.date_created AS role_permission_association_date_created, role_permission_association.date_updated AS role_permission_association_date_updated, role_permission_association.date_deleted AS role_permission_association_date_deleted, role_permission_association.created_by_id AS role_permission_association_created_by_id, role_permission_association.updated_by_id AS role_permission_association_updated_by_id, role_permission_association.deleted_by_id AS role_permission_association_deleted_by_id 
FROM role_permission_association 
WHERE %(param_1)s = role_permission_association.role_id
2026-05-05 23:27:37,904 INFO sqlalchemy.engine.Engine [cached since 0.01322s ago] {'param_1': 11}
2026-05-05 23:27:37,904 INFO sqlalchemy.engine.Engine SELECT role.name, role.code, role.description, role.is_system, role.id, role.is_active, role.is_deleted, role.date_created, role.date_updated, role.date_deleted, role.created_by_id, role.updated_by_id, role.deleted_by_id 
FROM role 
WHERE role.id = %(pk_1)s
2026-05-05 23:27:37,904 INFO sqlalchemy.engine.Engine [cached since 0.01499s ago] {'pk_1': 14}
2026-05-05 23:27:37,905 INFO sqlalchemy.engine.Engine SELECT role_permission_association.role_id AS role_permission_association_role_id, role_permission_association.permission_id AS role_permission_association_permission_id, role_permission_association.id AS role_permission_association_id, role_permission_association.is_active AS role_permission_association_is_active, role_permission_association.is_deleted AS role_permission_association_is_deleted, role_permission_association.date_created AS role_permission_association_date_created, role_permission_association.date_updated AS role_permission_association_date_updated, role_permission_association.date_deleted AS role_permission_association_date_deleted, role_permission_association.created_by_id AS role_permission_association_created_by_id, role_permission_association.updated_by_id AS role_permission_association_updated_by_id, role_permission_association.deleted_by_id AS role_permission_association_deleted_by_id 
FROM role_permission_association 
WHERE %(param_1)s = role_permission_association.role_id
2026-05-05 23:27:37,905 INFO sqlalchemy.engine.Engine [cached since 0.01421s ago] {'param_1': 14}
2026-05-05 23:27:37,905 INFO sqlalchemy.engine.Engine SELECT role.name, role.code, role.description, role.is_system, role.id, role.is_active, role.is_deleted, role.date_created, role.date_updated, role.date_deleted, role.created_by_id, role.updated_by_id, role.deleted_by_id 
FROM role 
WHERE role.id = %(pk_1)s
2026-05-05 23:27:37,905 INFO sqlalchemy.engine.Engine [cached since 0.01603s ago] {'pk_1': 12}
2026-05-05 23:27:37,905 INFO sqlalchemy.engine.Engine SELECT role_permission_association.role_id AS role_permission_association_role_id, role_permission_association.permission_id AS role_permission_association_permission_id, role_permission_association.id AS role_permission_association_id, role_permission_association.is_active AS role_permission_association_is_active, role_permission_association.is_deleted AS role_permission_association_is_deleted, role_permission_association.date_created AS role_permission_association_date_created, role_permission_association.date_updated AS role_permission_association_date_updated, role_permission_association.date_deleted AS role_permission_association_date_deleted, role_permission_association.created_by_id AS role_permission_association_created_by_id, role_permission_association.updated_by_id AS role_permission_association_updated_by_id, role_permission_association.deleted_by_id AS role_permission_association_deleted_by_id 
FROM role_permission_association 
WHERE %(param_1)s = role_permission_association.role_id
2026-05-05 23:27:37,905 INFO sqlalchemy.engine.Engine [cached since 0.01508s ago] {'param_1': 12}
2026-05-05 23:27:37,906 INFO sqlalchemy.engine.Engine SELECT role.name, role.code, role.description, role.is_system, role.id, role.is_active, role.is_deleted, role.date_created, role.date_updated, role.date_deleted, role.created_by_id, role.updated_by_id, role.deleted_by_id 
FROM role 
WHERE role.id = %(pk_1)s
2026-05-05 23:27:37,906 INFO sqlalchemy.engine.Engine [cached since 0.01684s ago] {'pk_1': 15}
2026-05-05 23:27:37,907 INFO sqlalchemy.engine.Engine SELECT role_permission_association.role_id AS role_permission_association_role_id, role_permission_association.permission_id AS role_permission_association_permission_id, role_permission_association.id AS role_permission_association_id, role_permission_association.is_active AS role_permission_association_is_active, role_permission_association.is_deleted AS role_permission_association_is_deleted, role_permission_association.date_created AS role_permission_association_date_created, role_permission_association.date_updated AS role_permission_association_date_updated, role_permission_association.date_deleted AS role_permission_association_date_deleted, role_permission_association.created_by_id AS role_permission_association_created_by_id, role_permission_association.updated_by_id AS role_permission_association_updated_by_id, role_permission_association.deleted_by_id AS role_permission_association_deleted_by_id 
FROM role_permission_association 
WHERE %(param_1)s = role_permission_association.role_id
2026-05-05 23:27:37,907 INFO sqlalchemy.engine.Engine [cached since 0.01623s ago] {'param_1': 15}
2026-05-05 23:27:37,907 INFO sqlalchemy.engine.Engine SELECT role.name, role.code, role.description, role.is_system, role.id, role.is_active, role.is_deleted, role.date_created, role.date_updated, role.date_deleted, role.created_by_id, role.updated_by_id, role.deleted_by_id 
FROM role 
WHERE role.id = %(pk_1)s
2026-05-05 23:27:37,907 INFO sqlalchemy.engine.Engine [cached since 0.01802s ago] {'pk_1': 16}
2026-05-05 23:27:37,907 INFO sqlalchemy.engine.Engine SELECT role_permission_association.role_id AS role_permission_association_role_id, role_permission_association.permission_id AS role_permission_association_permission_id, role_permission_association.id AS role_permission_association_id, role_permission_association.is_active AS role_permission_association_is_active, role_permission_association.is_deleted AS role_permission_association_is_deleted, role_permission_association.date_created AS role_permission_association_date_created, role_permission_association.date_updated AS role_permission_association_date_updated, role_permission_association.date_deleted AS role_permission_association_date_deleted, role_permission_association.created_by_id AS role_permission_association_created_by_id, role_permission_association.updated_by_id AS role_permission_association_updated_by_id, role_permission_association.deleted_by_id AS role_permission_association_deleted_by_id 
FROM role_permission_association 
WHERE %(param_1)s = role_permission_association.role_id
2026-05-05 23:27:37,907 INFO sqlalchemy.engine.Engine [cached since 0.01705s ago] {'param_1': 16}
2026-05-05 23:27:37,908 INFO sqlalchemy.engine.Engine SELECT role.name, role.code, role.description, role.is_system, role.id, role.is_active, role.is_deleted, role.date_created, role.date_updated, role.date_deleted, role.created_by_id, role.updated_by_id, role.deleted_by_id 
FROM role 
WHERE role.id = %(pk_1)s
2026-05-05 23:27:37,908 INFO sqlalchemy.engine.Engine [cached since 0.01878s ago] {'pk_1': 17}
2026-05-05 23:27:37,908 INFO sqlalchemy.engine.Engine SELECT role_permission_association.role_id AS role_permission_association_role_id, role_permission_association.permission_id AS role_permission_association_permission_id, role_permission_association.id AS role_permission_association_id, role_permission_association.is_active AS role_permission_association_is_active, role_permission_association.is_deleted AS role_permission_association_is_deleted, role_permission_association.date_created AS role_permission_association_date_created, role_permission_association.date_updated AS role_permission_association_date_updated, role_permission_association.date_deleted AS role_permission_association_date_deleted, role_permission_association.created_by_id AS role_permission_association_created_by_id, role_permission_association.updated_by_id AS role_permission_association_updated_by_id, role_permission_association.deleted_by_id AS role_permission_association_deleted_by_id 
FROM role_permission_association 
WHERE %(param_1)s = role_permission_association.role_id
2026-05-05 23:27:37,908 INFO sqlalchemy.engine.Engine [cached since 0.01781s ago] {'param_1': 17}
2026-05-05 23:27:37,909 INFO sqlalchemy.engine.Engine SELECT role.name, role.code, role.description, role.is_system, role.id, role.is_active, role.is_deleted, role.date_created, role.date_updated, role.date_deleted, role.created_by_id, role.updated_by_id, role.deleted_by_id 
FROM role 
WHERE role.id = %(pk_1)s
2026-05-05 23:27:37,909 INFO sqlalchemy.engine.Engine [cached since 0.01959s ago] {'pk_1': 18}
2026-05-05 23:27:37,909 INFO sqlalchemy.engine.Engine SELECT role_permission_association.role_id AS role_permission_association_role_id, role_permission_association.permission_id AS role_permission_association_permission_id, role_permission_association.id AS role_permission_association_id, role_permission_association.is_active AS role_permission_association_is_active, role_permission_association.is_deleted AS role_permission_association_is_deleted, role_permission_association.date_created AS role_permission_association_date_created, role_permission_association.date_updated AS role_permission_association_date_updated, role_permission_association.date_deleted AS role_permission_association_date_deleted, role_permission_association.created_by_id AS role_permission_association_created_by_id, role_permission_association.updated_by_id AS role_permission_association_updated_by_id, role_permission_association.deleted_by_id AS role_permission_association_deleted_by_id 
FROM role_permission_association 
WHERE %(param_1)s = role_permission_association.role_id
2026-05-05 23:27:37,909 INFO sqlalchemy.engine.Engine [cached since 0.01864s ago] {'param_1': 18}
2026-05-05 23:27:37,911 INFO sqlalchemy.engine.Engine SELECT role.name, role.code, role.description, role.is_system, role.id, role.is_active, role.is_deleted, role.date_created, role.date_updated, role.date_deleted, role.created_by_id, role.updated_by_id, role.deleted_by_id 
FROM role 
WHERE role.id = %(pk_1)s
2026-05-05 23:27:37,911 INFO sqlalchemy.engine.Engine [cached since 0.02181s ago] {'pk_1': 19}
2026-05-05 23:27:37,911 INFO sqlalchemy.engine.Engine SELECT role_permission_association.role_id AS role_permission_association_role_id, role_permission_association.permission_id AS role_permission_association_permission_id, role_permission_association.id AS role_permission_association_id, role_permission_association.is_active AS role_permission_association_is_active, role_permission_association.is_deleted AS role_permission_association_is_deleted, role_permission_association.date_created AS role_permission_association_date_created, role_permission_association.date_updated AS role_permission_association_date_updated, role_permission_association.date_deleted AS role_permission_association_date_deleted, role_permission_association.created_by_id AS role_permission_association_created_by_id, role_permission_association.updated_by_id AS role_permission_association_updated_by_id, role_permission_association.deleted_by_id AS role_permission_association_deleted_by_id 
FROM role_permission_association 
WHERE %(param_1)s = role_permission_association.role_id
2026-05-05 23:27:37,911 INFO sqlalchemy.engine.Engine [cached since 0.02086s ago] {'param_1': 19}
2026-05-05 23:27:37,912 INFO sqlalchemy.engine.Engine SELECT role.name, role.code, role.description, role.is_system, role.id, role.is_active, role.is_deleted, role.date_created, role.date_updated, role.date_deleted, role.created_by_id, role.updated_by_id, role.deleted_by_id 
FROM role 
WHERE role.id = %(pk_1)s
2026-05-05 23:27:37,912 INFO sqlalchemy.engine.Engine [cached since 0.02263s ago] {'pk_1': 20}
2026-05-05 23:27:37,912 INFO sqlalchemy.engine.Engine SELECT role_permission_association.role_id AS role_permission_association_role_id, role_permission_association.permission_id AS role_permission_association_permission_id, role_permission_association.id AS role_permission_association_id, role_permission_association.is_active AS role_permission_association_is_active, role_permission_association.is_deleted AS role_permission_association_is_deleted, role_permission_association.date_created AS role_permission_association_date_created, role_permission_association.date_updated AS role_permission_association_date_updated, role_permission_association.date_deleted AS role_permission_association_date_deleted, role_permission_association.created_by_id AS role_permission_association_created_by_id, role_permission_association.updated_by_id AS role_permission_association_updated_by_id, role_permission_association.deleted_by_id AS role_permission_association_deleted_by_id 
FROM role_permission_association 
WHERE %(param_1)s = role_permission_association.role_id
2026-05-05 23:27:37,912 INFO sqlalchemy.engine.Engine [cached since 0.02172s ago] {'param_1': 20}
2026-05-05 23:27:37,913 INFO sqlalchemy.engine.Engine SELECT role.name, role.code, role.description, role.is_system, role.id, role.is_active, role.is_deleted, role.date_created, role.date_updated, role.date_deleted, role.created_by_id, role.updated_by_id, role.deleted_by_id 
FROM role 
WHERE role.id = %(pk_1)s
2026-05-05 23:27:37,913 INFO sqlalchemy.engine.Engine [cached since 0.02355s ago] {'pk_1': 21}
2026-05-05 23:27:37,913 INFO sqlalchemy.engine.Engine SELECT role_permission_association.role_id AS role_permission_association_role_id, role_permission_association.permission_id AS role_permission_association_permission_id, role_permission_association.id AS role_permission_association_id, role_permission_association.is_active AS role_permission_association_is_active, role_permission_association.is_deleted AS role_permission_association_is_deleted, role_permission_association.date_created AS role_permission_association_date_created, role_permission_association.date_updated AS role_permission_association_date_updated, role_permission_association.date_deleted AS role_permission_association_date_deleted, role_permission_association.created_by_id AS role_permission_association_created_by_id, role_permission_association.updated_by_id AS role_permission_association_updated_by_id, role_permission_association.deleted_by_id AS role_permission_association_deleted_by_id 
FROM role_permission_association 
WHERE %(param_1)s = role_permission_association.role_id
2026-05-05 23:27:37,913 INFO sqlalchemy.engine.Engine [cached since 0.02263s ago] {'param_1': 21}
2026-05-05 23:27:37,913 INFO sqlalchemy.engine.Engine SELECT role.name, role.code, role.description, role.is_system, role.id, role.is_active, role.is_deleted, role.date_created, role.date_updated, role.date_deleted, role.created_by_id, role.updated_by_id, role.deleted_by_id 
FROM role 
WHERE role.id = %(pk_1)s
2026-05-05 23:27:37,913 INFO sqlalchemy.engine.Engine [cached since 0.02439s ago] {'pk_1': 22}
2026-05-05 23:27:37,914 INFO sqlalchemy.engine.Engine SELECT role_permission_association.role_id AS role_permission_association_role_id, role_permission_association.permission_id AS role_permission_association_permission_id, role_permission_association.id AS role_permission_association_id, role_permission_association.is_active AS role_permission_association_is_active, role_permission_association.is_deleted AS role_permission_association_is_deleted, role_permission_association.date_created AS role_permission_association_date_created, role_permission_association.date_updated AS role_permission_association_date_updated, role_permission_association.date_deleted AS role_permission_association_date_deleted, role_permission_association.created_by_id AS role_permission_association_created_by_id, role_permission_association.updated_by_id AS role_permission_association_updated_by_id, role_permission_association.deleted_by_id AS role_permission_association_deleted_by_id 
FROM role_permission_association 
WHERE %(param_1)s = role_permission_association.role_id
2026-05-05 23:27:37,914 INFO sqlalchemy.engine.Engine [cached since 0.02345s ago] {'param_1': 22}
2026-05-05 23:27:37,914 INFO sqlalchemy.engine.Engine COMMIT
2026-05-05 23:27:38,165 INFO sqlalchemy.engine.Engine BEGIN (implicit)
2026-05-05 23:27:38,167 INFO sqlalchemy.engine.Engine INSERT INTO "user" (username, email, phone_number, password_hash, first_name, last_name, middle_name, status, is_superuser, is_email_verified, is_phone_verified, is_two_factor_enabled, last_login_at, password_changed_at, failed_login_attempts, locked_until, last_failed_login_at, profile_photo_url, job_title, department_id, facility_id, employment_status, bio, date_of_birth, gender, is_active, is_deleted, date_created, date_updated, date_deleted, created_by_id, updated_by_id, deleted_by_id) VALUES (%(username)s, %(email)s, %(phone_number)s, %(password_hash)s, %(first_name)s, %(last_name)s, %(middle_name)s, %(status)s, %(is_superuser)s, %(is_email_verified)s, %(is_phone_verified)s, %(is_two_factor_enabled)s, %(last_login_at)s, %(password_changed_at)s, %(failed_login_attempts)s, %(locked_until)s, %(last_failed_login_at)s, %(profile_photo_url)s, %(job_title)s, %(department_id)s, %(facility_id)s, %(employment_status)s, %(bio)s, %(date_of_birth)s, %(gender)s, %(is_active)s, %(is_deleted)s, %(date_created)s, %(date_updated)s, %(date_deleted)s, %(created_by_id)s, %(updated_by_id)s, %(deleted_by_id)s) RETURNING "user".id
2026-05-05 23:27:38,167 INFO sqlalchemy.engine.Engine [generated in 0.00034s] {'username': 'admin-5c4821f434', 'email': 'admin-5c4821f434@test.example', 'phone_number': None, 'password_hash': '$2b$12$SUbaXbFU6rvC10nlHi/mY.wfL5mwe0aWDZBUH9yIm/SyezaFZ7gKK', 'first_name': 'Test', 'last_name': 'Admin', 'middle_name': None, 'status': 'ACTIVE', 'is_superuser': True, 'is_email_verified': True, 'is_phone_verified': False, 'is_two_factor_enabled': False, 'last_login_at': None, 'password_changed_at': None, 'failed_login_attempts': 0, 'locked_until': None, 'last_failed_login_at': None, 'profile_photo_url': None, 'job_title': None, 'department_id': None, 'facility_id': None, 'employment_status': None, 'bio': None, 'date_of_birth': None, 'gender': None, 'is_active': True, 'is_deleted': False, 'date_created': datetime.datetime(2026, 5, 5, 22, 27, 38, 167547, tzinfo=datetime.timezone.utc), 'date_updated': datetime.datetime(2026, 5, 5, 22, 27, 38, 167551, tzinfo=datetime.timezone.utc), 'date_deleted': None, 'created_by_id': None, 'updated_by_id': None, 'deleted_by_id': None}
2026-05-05 23:27:38,173 INFO sqlalchemy.engine.Engine INSERT INTO staff_profile (user_id, facility_id, department_id, service_delivery_point_id, staff_no, job_title, designation, professional_license_no, specialty, employment_type, employment_status, hire_date, confirmation_date, probation_end_date, contract_start_date, contract_end_date, exit_date, exit_reason, supervisor_staff_id, salary_grade, salary_step, base_salary_amount, salary_currency, date_of_birth, gender, marital_status, nationality, address_line_1, address_line_2, city, state_region, country, personal_email, personal_phone, next_of_kin_name, next_of_kin_relationship, next_of_kin_phone, emergency_contact_name, emergency_contact_phone, tax_id, pension_pin, nhf_no, bank_name, bank_account_no, bank_account_name, onboarded_at, onboarding_completed, is_active, is_deleted, date_created, date_updated, date_deleted, created_by_id, updated_by_id, deleted_by_id) VALUES (%(user_id)s, %(facility_id)s, %(department_id)s, %(service_delivery_point_id)s, %(staff_no)s, %(job_title)s, %(designation)s, %(professional_license_no)s, %(specialty)s, %(employment_type)s, %(employment_status)s, %(hire_date)s, %(confirmation_date)s, %(probation_end_date)s, %(contract_start_date)s, %(contract_end_date)s, %(exit_date)s, %(exit_reason)s, %(supervisor_staff_id)s, %(salary_grade)s, %(salary_step)s, %(base_salary_amount)s, %(salary_currency)s, %(date_of_birth)s, %(gender)s, %(marital_status)s, %(nationality)s, %(address_line_1)s, %(address_line_2)s, %(city)s, %(state_region)s, %(country)s, %(personal_email)s, %(personal_phone)s, %(next_of_kin_name)s, %(next_of_kin_relationship)s, %(next_of_kin_phone)s, %(emergency_contact_name)s, %(emergency_contact_phone)s, %(tax_id)s, %(pension_pin)s, %(nhf_no)s, %(bank_name)s, %(bank_account_no)s, %(bank_account_name)s, %(onboarded_at)s, %(onboarding_completed)s, %(is_active)s, %(is_deleted)s, %(date_created)s, %(date_updated)s, %(date_deleted)s, %(created_by_id)s, %(updated_by_id)s, %(deleted_by_id)s) RETURNING staff_profile.id
2026-05-05 23:27:38,173 INFO sqlalchemy.engine.Engine [generated in 0.00018s] {'user_id': 1224, 'facility_id': None, 'department_id': None, 'service_delivery_point_id': None, 'staff_no': 'STF-3B42F950', 'job_title': 'Administrator', 'designation': None, 'professional_license_no': None, 'specialty': None, 'employment_type': None, 'employment_status': 'ACTIVE', 'hire_date': None, 'confirmation_date': None, 'probation_end_date': None, 'contract_start_date': None, 'contract_end_date': None, 'exit_date': None, 'exit_reason': None, 'supervisor_staff_id': None, 'salary_grade': None, 'salary_step': None, 'base_salary_amount': None, 'salary_currency': None, 'date_of_birth': None, 'gender': None, 'marital_status': None, 'nationality': None, 'address_line_1': None, 'address_line_2': None, 'city': None, 'state_region': None, 'country': None, 'personal_email': None, 'personal_phone': None, 'next_of_kin_name': None, 'next_of_kin_relationship': None, 'next_of_kin_phone': None, 'emergency_contact_name': None, 'emergency_contact_phone': None, 'tax_id': None, 'pension_pin': None, 'nhf_no': None, 'bank_name': None, 'bank_account_no': None, 'bank_account_name': None, 'onboarded_at': None, 'onboarding_completed': False, 'is_active': True, 'is_deleted': False, 'date_created': datetime.datetime(2026, 5, 5, 22, 27, 38, 173187, tzinfo=datetime.timezone.utc), 'date_updated': datetime.datetime(2026, 5, 5, 22, 27, 38, 173190, tzinfo=datetime.timezone.utc), 'date_deleted': None, 'created_by_id': None, 'updated_by_id': None, 'deleted_by_id': None}
2026-05-05 23:27:38,178 INFO sqlalchemy.engine.Engine SELECT role.name AS role_name, role.code AS role_code, role.description AS role_description, role.is_system AS role_is_system, role.id AS role_id, role.is_active AS role_is_active, role.is_deleted AS role_is_deleted, role.date_created AS role_date_created, role.date_updated AS role_date_updated, role.date_deleted AS role_date_deleted, role.created_by_id AS role_created_by_id, role.updated_by_id AS role_updated_by_id, role.deleted_by_id AS role_deleted_by_id 
FROM role 
WHERE role.code = %(code_1)s AND role.is_deleted IS false 
 LIMIT %(param_1)s
2026-05-05 23:27:38,178 INFO sqlalchemy.engine.Engine [generated in 0.00009s] {'code_1': 'TENANT_ADMIN', 'param_1': 1}
2026-05-05 23:27:38,179 INFO sqlalchemy.engine.Engine INSERT INTO user_role_association (user_id, role_id, is_active, is_deleted, date_created, date_updated, date_deleted, created_by_id, updated_by_id, deleted_by_id) VALUES (%(user_id)s, %(role_id)s, %(is_active)s, %(is_deleted)s, %(date_created)s, %(date_updated)s, %(date_deleted)s, %(created_by_id)s, %(updated_by_id)s, %(deleted_by_id)s) RETURNING user_role_association.id
2026-05-05 23:27:38,180 INFO sqlalchemy.engine.Engine [generated in 0.00009s] {'user_id': 1224, 'role_id': 1, 'is_active': True, 'is_deleted': False, 'date_created': datetime.datetime(2026, 5, 5, 22, 27, 38, 179962, tzinfo=datetime.timezone.utc), 'date_updated': datetime.datetime(2026, 5, 5, 22, 27, 38, 179963, tzinfo=datetime.timezone.utc), 'date_deleted': None, 'created_by_id': None, 'updated_by_id': None, 'deleted_by_id': None}
2026-05-05 23:27:38,182 INFO sqlalchemy.engine.Engine COMMIT
2026-05-05 23:27:38,182 INFO sqlalchemy.engine.Engine BEGIN (implicit)
2026-05-05 23:27:38,183 INFO sqlalchemy.engine.Engine SELECT "user".username, "user".email, "user".phone_number, "user".password_hash, "user".first_name, "user".last_name, "user".middle_name, "user".status, "user".is_superuser, "user".is_email_verified, "user".is_phone_verified, "user".is_two_factor_enabled, "user".last_login_at, "user".password_changed_at, "user".failed_login_attempts, "user".locked_until, "user".last_failed_login_at, "user".profile_photo_url, "user".job_title, "user".department_id, "user".facility_id, "user".employment_status, "user".bio, "user".date_of_birth, "user".gender, "user".id, "user".is_active, "user".is_deleted, "user".date_created, "user".date_updated, "user".date_deleted, "user".created_by_id, "user".updated_by_id, "user".deleted_by_id 
FROM "user" 
WHERE "user".id = %(pk_1)s
2026-05-05 23:27:38,183 INFO sqlalchemy.engine.Engine [generated in 0.00007s] {'pk_1': 1224}
2026-05-05 23:27:38,186 INFO sqlalchemy.engine.Engine SELECT staff_profile.user_id, staff_profile.facility_id, staff_profile.department_id, staff_profile.service_delivery_point_id, staff_profile.staff_no, staff_profile.job_title, staff_profile.designation, staff_profile.professional_license_no, staff_profile.specialty, staff_profile.employment_type, staff_profile.employment_status, staff_profile.hire_date, staff_profile.confirmation_date, staff_profile.probation_end_date, staff_profile.contract_start_date, staff_profile.contract_end_date, staff_profile.exit_date, staff_profile.exit_reason, staff_profile.supervisor_staff_id, staff_profile.salary_grade, staff_profile.salary_step, staff_profile.base_salary_amount, staff_profile.salary_currency, staff_profile.date_of_birth, staff_profile.gender, staff_profile.marital_status, staff_profile.nationality, staff_profile.address_line_1, staff_profile.address_line_2, staff_profile.city, staff_profile.state_region, staff_profile.country, staff_profile.personal_email, staff_profile.personal_phone, staff_profile.next_of_kin_name, staff_profile.next_of_kin_relationship, staff_profile.next_of_kin_phone, staff_profile.emergency_contact_name, staff_profile.emergency_contact_phone, staff_profile.tax_id, staff_profile.pension_pin, staff_profile.nhf_no, staff_profile.bank_name, staff_profile.bank_account_no, staff_profile.bank_account_name, staff_profile.onboarded_at, staff_profile.onboarding_completed, staff_profile.id, staff_profile.is_active, staff_profile.is_deleted, staff_profile.date_created, staff_profile.date_updated, staff_profile.date_deleted, staff_profile.created_by_id, staff_profile.updated_by_id, staff_profile.deleted_by_id 
FROM staff_profile 
WHERE staff_profile.id = %(pk_1)s
2026-05-05 23:27:38,186 INFO sqlalchemy.engine.Engine [generated in 0.00010s] {'pk_1': 1120}
2026-05-05 23:27:38,190 INFO sqlalchemy.engine.Engine SELECT approval_flow.code AS approval_flow_code, approval_flow.name AS approval_flow_name, approval_flow.description AS approval_flow_description, approval_flow.subject_type AS approval_flow_subject_type, approval_flow.is_default AS approval_flow_is_default, approval_flow.version AS approval_flow_version, approval_flow.sla_hours AS approval_flow_sla_hours, approval_flow.auto_cancel_after_hours AS approval_flow_auto_cancel_after_hours, approval_flow.notify_on_submit AS approval_flow_notify_on_submit, approval_flow.notify_on_decision AS approval_flow_notify_on_decision, approval_flow.id AS approval_flow_id, approval_flow.is_active AS approval_flow_is_active, approval_flow.is_deleted AS approval_flow_is_deleted, approval_flow.date_created AS approval_flow_date_created, approval_flow.date_updated AS approval_flow_date_updated, approval_flow.date_deleted AS approval_flow_date_deleted, approval_flow.created_by_id AS approval_flow_created_by_id, approval_flow.updated_by_id AS approval_flow_updated_by_id, approval_flow.deleted_by_id AS approval_flow_deleted_by_id 
FROM approval_flow 
WHERE approval_flow.is_deleted IS false AND approval_flow.subject_type = %(subject_type_1)s AND upper(approval_flow.code) = %(upper_1)s 
 LIMIT %(param_1)s
2026-05-05 23:27:38,190 INFO sqlalchemy.engine.Engine [generated in 0.00009s] {'subject_type_1': 'LEAVE_REQUEST', 'upper_1': 'LEAVE_INT_F55A50', 'param_1': 1}
2026-05-05 23:27:38,193 INFO sqlalchemy.engine.Engine INSERT INTO approval_flow (code, name, description, subject_type, is_default, version, sla_hours, auto_cancel_after_hours, notify_on_submit, notify_on_decision, is_active, is_deleted, date_created, date_updated, date_deleted, created_by_id, updated_by_id, deleted_by_id) VALUES (%(code)s, %(name)s, %(description)s, %(subject_type)s, %(is_default)s, %(version)s, %(sla_hours)s, %(auto_cancel_after_hours)s, %(notify_on_submit)s, %(notify_on_decision)s, %(is_active)s, %(is_deleted)s, %(date_created)s, %(date_updated)s, %(date_deleted)s, %(created_by_id)s, %(updated_by_id)s, %(deleted_by_id)s) RETURNING approval_flow.id
2026-05-05 23:27:38,193 INFO sqlalchemy.engine.Engine [generated in 0.00011s] {'code': 'LEAVE_INT_F55A50', 'name': 'Leave Integration Flow', 'description': None, 'subject_type': 'LEAVE_REQUEST', 'is_default': False, 'version': 1, 'sla_hours': None, 'auto_cancel_after_hours': None, 'notify_on_submit': True, 'notify_on_decision': True, 'is_active': True, 'is_deleted': False, 'date_created': datetime.datetime(2026, 5, 5, 22, 27, 38, 193419, tzinfo=datetime.timezone.utc), 'date_updated': datetime.datetime(2026, 5, 5, 22, 27, 38, 193421, tzinfo=datetime.timezone.utc), 'date_deleted': None, 'created_by_id': 1224, 'updated_by_id': 1224, 'deleted_by_id': None}
2026-05-05 23:27:38,195 INFO sqlalchemy.engine.Engine INSERT INTO approval_flow_step (flow_id, step_order, name, description, decision_rule, required_approvals, allow_self_approval, sla_hours, is_optional, parallel_group, is_active, is_deleted, date_created, date_updated, date_deleted, created_by_id, updated_by_id, deleted_by_id) VALUES (%(flow_id)s, %(step_order)s, %(name)s, %(description)s, %(decision_rule)s, %(required_approvals)s, %(allow_self_approval)s, %(sla_hours)s, %(is_optional)s, %(parallel_group)s, %(is_active)s, %(is_deleted)s, %(date_created)s, %(date_updated)s, %(date_deleted)s, %(created_by_id)s, %(updated_by_id)s, %(deleted_by_id)s) RETURNING approval_flow_step.id
2026-05-05 23:27:38,195 INFO sqlalchemy.engine.Engine [generated in 0.00010s] {'flow_id': 13, 'step_order': 1, 'name': 'Manager Approval', 'description': None, 'decision_rule': 'ANY_OF', 'required_approvals': 1, 'allow_self_approval': False, 'sla_hours': None, 'is_optional': False, 'parallel_group': None, 'is_active': True, 'is_deleted': False, 'date_created': datetime.datetime(2026, 5, 5, 22, 27, 38, 195164, tzinfo=datetime.timezone.utc), 'date_updated': datetime.datetime(2026, 5, 5, 22, 27, 38, 195165, tzinfo=datetime.timezone.utc), 'date_deleted': None, 'created_by_id': 1224, 'updated_by_id': 1224, 'deleted_by_id': None}
2026-05-05 23:27:38,198 INFO sqlalchemy.engine.Engine INSERT INTO approval_flow_step_approver (step_id, approver_kind, user_id, role_id, department_id, dynamic_token, is_required, notes, is_active, is_deleted, date_created, date_updated, date_deleted, created_by_id, updated_by_id, deleted_by_id) VALUES (%(step_id)s, %(approver_kind)s, %(user_id)s, %(role_id)s, %(department_id)s, %(dynamic_token)s, %(is_required)s, %(notes)s, %(is_active)s, %(is_deleted)s, %(date_created)s, %(date_updated)s, %(date_deleted)s, %(created_by_id)s, %(updated_by_id)s, %(deleted_by_id)s) RETURNING approval_flow_step_approver.id
2026-05-05 23:27:38,198 INFO sqlalchemy.engine.Engine [generated in 0.00009s] {'step_id': 15, 'approver_kind': 'USER', 'user_id': 1224, 'role_id': None, 'department_id': None, 'dynamic_token': None, 'is_required': True, 'notes': None, 'is_active': True, 'is_deleted': False, 'date_created': datetime.datetime(2026, 5, 5, 22, 27, 38, 198788, tzinfo=datetime.timezone.utc), 'date_updated': datetime.datetime(2026, 5, 5, 22, 27, 38, 198789, tzinfo=datetime.timezone.utc), 'date_deleted': None, 'created_by_id': 1224, 'updated_by_id': 1224, 'deleted_by_id': None}
2026-05-05 23:27:38,202 INFO sqlalchemy.engine.Engine SELECT approval_flow.code, approval_flow.name, approval_flow.description, approval_flow.subject_type, approval_flow.is_default, approval_flow.version, approval_flow.sla_hours, approval_flow.auto_cancel_after_hours, approval_flow.notify_on_submit, approval_flow.notify_on_decision, approval_flow.id, approval_flow.is_active, approval_flow.is_deleted, approval_flow.date_created, approval_flow.date_updated, approval_flow.date_deleted, approval_flow.created_by_id, approval_flow.updated_by_id, approval_flow.deleted_by_id 
FROM approval_flow 
WHERE approval_flow.id = %(pk_1)s
2026-05-05 23:27:38,202 INFO sqlalchemy.engine.Engine [generated in 0.00006s] {'pk_1': 13}
2026-05-05 23:27:38,203 INFO sqlalchemy.engine.Engine COMMIT
2026-05-05 23:27:38,203 INFO sqlalchemy.engine.Engine BEGIN (implicit)
2026-05-05 23:27:38,204 INFO sqlalchemy.engine.Engine SELECT approval_flow.code AS approval_flow_code, approval_flow.name AS approval_flow_name, approval_flow.description AS approval_flow_description, approval_flow.subject_type AS approval_flow_subject_type, approval_flow.is_default AS approval_flow_is_default, approval_flow.version AS approval_flow_version, approval_flow.sla_hours AS approval_flow_sla_hours, approval_flow.auto_cancel_after_hours AS approval_flow_auto_cancel_after_hours, approval_flow.notify_on_submit AS approval_flow_notify_on_submit, approval_flow.notify_on_decision AS approval_flow_notify_on_decision, approval_flow.id AS approval_flow_id, approval_flow.is_active AS approval_flow_is_active, approval_flow.is_deleted AS approval_flow_is_deleted, approval_flow.date_created AS approval_flow_date_created, approval_flow.date_updated AS approval_flow_date_updated, approval_flow.date_deleted AS approval_flow_date_deleted, approval_flow.created_by_id AS approval_flow_created_by_id, approval_flow.updated_by_id AS approval_flow_updated_by_id, approval_flow.deleted_by_id AS approval_flow_deleted_by_id 
FROM approval_flow 
WHERE approval_flow.is_deleted IS false AND approval_flow.id = %(id_1)s 
 LIMIT %(param_1)s
2026-05-05 23:27:38,204 INFO sqlalchemy.engine.Engine [generated in 0.00010s] {'id_1': 13, 'param_1': 1}
2026-05-05 23:27:38,205 INFO sqlalchemy.engine.Engine COMMIT
2026-05-05 23:27:38,205 INFO sqlalchemy.engine.Engine BEGIN (implicit)
2026-05-05 23:27:38,206 INFO sqlalchemy.engine.Engine INSERT INTO leave_type (code, name, kind, default_annual_days, is_paid, requires_approval, description, is_active, is_deleted, date_created, date_updated, date_deleted, created_by_id, updated_by_id, deleted_by_id) VALUES (%(code)s, %(name)s, %(kind)s, %(default_annual_days)s, %(is_paid)s, %(requires_approval)s, %(description)s, %(is_active)s, %(is_deleted)s, %(date_created)s, %(date_updated)s, %(date_deleted)s, %(created_by_id)s, %(updated_by_id)s, %(deleted_by_id)s) RETURNING leave_type.id
2026-05-05 23:27:38,206 INFO sqlalchemy.engine.Engine [generated in 0.00010s] {'code': 'ANNUAL', 'name': 'Annual Leave', 'kind': 'OTHER', 'default_annual_days': None, 'is_paid': True, 'requires_approval': True, 'description': None, 'is_active': True, 'is_deleted': False, 'date_created': datetime.datetime(2026, 5, 5, 22, 27, 38, 206776, tzinfo=datetime.timezone.utc), 'date_updated': datetime.datetime(2026, 5, 5, 22, 27, 38, 206778, tzinfo=datetime.timezone.utc), 'date_deleted': None, 'created_by_id': None, 'updated_by_id': None, 'deleted_by_id': None}
2026-05-05 23:27:38,208 INFO sqlalchemy.engine.Engine ROLLBACK
------------------------------ Captured log setup ------------------------------
INFO     sqlalchemy.engine.Engine:base.py:1899 select pg_catalog.version()
INFO     sqlalchemy.engine.Engine:base.py:1904 [raw sql] {}
INFO     sqlalchemy.engine.Engine:base.py:1899 select current_schema()
INFO     sqlalchemy.engine.Engine:base.py:1904 [raw sql] {}
INFO     sqlalchemy.engine.Engine:base.py:1899 show standard_conforming_strings
INFO     sqlalchemy.engine.Engine:base.py:1904 [raw sql] {}
INFO     sqlalchemy.engine.Engine:base.py:1094 BEGIN (implicit)
INFO     sqlalchemy.engine.Engine:base.py:1899 SELECT pg_catalog.pg_class.relname 
FROM pg_catalog.pg_class JOIN pg_catalog.pg_namespace ON pg_catalog.pg_namespace.oid = pg_catalog.pg_class.relnamespace 
WHERE pg_catalog.pg_class.relname = %(table_name)s AND pg_catalog.pg_class.relkind = ANY (ARRAY[%(param_1)s, %(param_2)s, %(param_3)s, %(param_4)s, %(param_5)s]) AND pg_catalog.pg_table_is_visible(pg_catalog.pg_class.oid) AND pg_catalog.pg_namespace.nspname != %(nspname_1)s
INFO     sqlalchemy.engine.Engine:base.py:1904 [generated in 0.00013s] {'table_name': 'user', 'param_1': 'r', 'param_2': 'p', 'param_3': 'f', 'param_4': 'v', 'param_5': 'm', 'nspname_1': 'pg_catalog'}
INFO     sqlalchemy.engine.Engine:base.py:1126 ROLLBACK
INFO     sqlalchemy.engine.Engine:base.py:1094 BEGIN (implicit)
INFO     sqlalchemy.engine.Engine:base.py:1899 ALTER TABLE purchase_requisition ADD COLUMN IF NOT EXISTS approval_request_id BIGINT
INFO     sqlalchemy.engine.Engine:base.py:1904 [generated in 0.00008s] {}
INFO     sqlalchemy.engine.Engine:base.py:1899 ALTER TABLE salary_advance ADD COLUMN IF NOT EXISTS approval_request_id BIGINT
INFO     sqlalchemy.engine.Engine:base.py:1904 [generated in 0.00005s] {}
INFO     sqlalchemy.engine.Engine:base.py:1899 ALTER TABLE leave_request ADD COLUMN IF NOT EXISTS approval_request_id BIGINT
INFO     sqlalchemy.engine.Engine:base.py:1904 [generated in 0.00005s] {}
INFO     sqlalchemy.engine.Engine:base.py:1899 ALTER TABLE reimbursement_request ADD COLUMN IF NOT EXISTS approval_request_id BIGINT
INFO     sqlalchemy.engine.Engine:base.py:1904 [generated in 0.00005s] {}
INFO     sqlalchemy.engine.Engine:base.py:1143 COMMIT
INFO     sqlalchemy.engine.Engine:base.py:1094 BEGIN (implicit)
INFO     sqlalchemy.engine.Engine:base.py:1899 SELECT permission.name AS permission_name, permission.code AS permission_code, permission.module AS permission_module, permission.description AS permission_description, permission.is_system AS permission_is_system, permission.id AS permission_id, permission.is_active AS permission_is_active, permission.is_deleted AS permission_is_deleted, permission.date_created AS permission_date_created, permission.date_updated AS permission_date_updated, permission.date_deleted AS permission_date_deleted, permission.created_by_id AS permission_created_by_id, permission.updated_by_id AS permission_updated_by_id, permission.deleted_by_id AS permission_deleted_by_id 
FROM permission 
WHERE permission.is_deleted IS false
INFO     sqlalchemy.engine.Engine:base.py:1904 [generated in 0.00010s] {}
INFO     sqlalchemy.engine.Engine:base.py:1899 SELECT role.name AS role_name, role.code AS role_code, role.description AS role_description, role.is_system AS role_is_system, role.id AS role_id, role.is_active AS role_is_active, role.is_deleted AS role_is_deleted, role.date_created AS role_date_created, role.date_updated AS role_date_updated, role.date_deleted AS role_date_deleted, role.created_by_id AS role_created_by_id, role.updated_by_id AS role_updated_by_id, role.deleted_by_id AS role_deleted_by_id 
FROM role 
WHERE role.is_deleted IS false
INFO     sqlalchemy.engine.Engine:base.py:1904 [generated in 0.00008s] {}
INFO     sqlalchemy.engine.Engine:base.py:1899 SELECT role.name, role.code, role.description, role.is_system, role.id, role.is_active, role.is_deleted, role.date_created, role.date_updated, role.date_deleted, role.created_by_id, role.updated_by_id, role.deleted_by_id 
FROM role 
WHERE role.id = %(pk_1)s
INFO     sqlalchemy.engine.Engine:base.py:1904 [generated in 0.00009s] {'pk_1': 1}
INFO     sqlalchemy.engine.Engine:base.py:1899 SELECT role_permission_association.role_id AS role_permission_association_role_id, role_permission_association.permission_id AS role_permission_association_permission_id, role_permission_association.id AS role_permission_association_id, role_permission_association.is_active AS role_permission_association_is_active, role_permission_association.is_deleted AS role_permission_association_is_deleted, role_permission_association.date_created AS role_permission_association_date_created, role_permission_association.date_updated AS role_permission_association_date_updated, role_permission_association.date_deleted AS role_permission_association_date_deleted, role_permission_association.created_by_id AS role_permission_association_created_by_id, role_permission_association.updated_by_id AS role_permission_association_updated_by_id, role_permission_association.deleted_by_id AS role_permission_association_deleted_by_id 
FROM role_permission_association 
WHERE %(param_1)s = role_permission_association.role_id
INFO     sqlalchemy.engine.Engine:base.py:1904 [generated in 0.00007s] {'param_1': 1}
INFO     sqlalchemy.engine.Engine:base.py:1899 SELECT role.name, role.code, role.description, role.is_system, role.id, role.is_active, role.is_deleted, role.date_created, role.date_updated, role.date_deleted, role.created_by_id, role.updated_by_id, role.deleted_by_id 
FROM role 
WHERE role.id = %(pk_1)s
INFO     sqlalchemy.engine.Engine:base.py:1904 [cached since 0.007611s ago] {'pk_1': 2}
INFO     sqlalchemy.engine.Engine:base.py:1899 SELECT role_permission_association.role_id AS role_permission_association_role_id, role_permission_association.permission_id AS role_permission_association_permission_id, role_permission_association.id AS role_permission_association_id, role_permission_association.is_active AS role_permission_association_is_active, role_permission_association.is_deleted AS role_permission_association_is_deleted, role_permission_association.date_created AS role_permission_association_date_created, role_permission_association.date_updated AS role_permission_association_date_updated, role_permission_association.date_deleted AS role_permission_association_date_deleted, role_permission_association.created_by_id AS role_permission_association_created_by_id, role_permission_association.updated_by_id AS role_permission_association_updated_by_id, role_permission_association.deleted_by_id AS role_permission_association_deleted_by_id 
FROM role_permission_association 
WHERE %(param_1)s = role_permission_association.role_id
INFO     sqlalchemy.engine.Engine:base.py:1904 [cached since 0.00687s ago] {'param_1': 2}
INFO     sqlalchemy.engine.Engine:base.py:1899 SELECT role.name, role.code, role.description, role.is_system, role.id, role.is_active, role.is_deleted, role.date_created, role.date_updated, role.date_deleted, role.created_by_id, role.updated_by_id, role.deleted_by_id 
FROM role 
WHERE role.id = %(pk_1)s
INFO     sqlalchemy.engine.Engine:base.py:1904 [cached since 0.009246s ago] {'pk_1': 5}
INFO     sqlalchemy.engine.Engine:base.py:1899 SELECT role_permission_association.role_id AS role_permission_association_role_id, role_permission_association.permission_id AS role_permission_association_permission_id, role_permission_association.id AS role_permission_association_id, role_permission_association.is_active AS role_permission_association_is_active, role_permission_association.is_deleted AS role_permission_association_is_deleted, role_permission_association.date_created AS role_permission_association_date_created, role_permission_association.date_updated AS role_permission_association_date_updated, role_permission_association.date_deleted AS role_permission_association_date_deleted, role_permission_association.created_by_id AS role_permission_association_created_by_id, role_permission_association.updated_by_id AS role_permission_association_updated_by_id, role_permission_association.deleted_by_id AS role_permission_association_deleted_by_id 
FROM role_permission_association 
WHERE %(param_1)s = role_permission_association.role_id
INFO     sqlalchemy.engine.Engine:base.py:1904 [cached since 0.008356s ago] {'param_1': 5}
INFO     sqlalchemy.engine.Engine:base.py:1899 SELECT role.name, role.code, role.description, role.is_system, role.id, role.is_active, role.is_deleted, role.date_created, role.date_updated, role.date_deleted, role.created_by_id, role.updated_by_id, role.deleted_by_id 
FROM role 
WHERE role.id = %(pk_1)s
INFO     sqlalchemy.engine.Engine:base.py:1904 [cached since 0.01039s ago] {'pk_1': 6}
INFO     sqlalchemy.engine.Engine:base.py:1899 SELECT role_permission_association.role_id AS role_permission_association_role_id, role_permission_association.permission_id AS role_permission_association_permission_id, role_permission_association.id AS role_permission_association_id, role_permission_association.is_active AS role_permission_association_is_active, role_permission_association.is_deleted AS role_permission_association_is_deleted, role_permission_association.date_created AS role_permission_association_date_created, role_permission_association.date_updated AS role_permission_association_date_updated, role_permission_association.date_deleted AS role_permission_association_date_deleted, role_permission_association.created_by_id AS role_permission_association_created_by_id, role_permission_association.updated_by_id AS role_permission_association_updated_by_id, role_permission_association.deleted_by_id AS role_permission_association_deleted_by_id 
FROM role_permission_association 
WHERE %(param_1)s = role_permission_association.role_id
INFO     sqlalchemy.engine.Engine:base.py:1904 [cached since 0.009488s ago] {'param_1': 6}
INFO     sqlalchemy.engine.Engine:base.py:1899 SELECT role.name, role.code, role.description, role.is_system, role.id, role.is_active, role.is_deleted, role.date_created, role.date_updated, role.date_deleted, role.created_by_id, role.updated_by_id, role.deleted_by_id 
FROM role 
WHERE role.id = %(pk_1)s
INFO     sqlalchemy.engine.Engine:base.py:1904 [cached since 0.01135s ago] {'pk_1': 7}
INFO     sqlalchemy.engine.Engine:base.py:1899 SELECT role_permission_association.role_id AS role_permission_association_role_id, role_permission_association.permission_id AS role_permission_association_permission_id, role_permission_association.id AS role_permission_association_id, role_permission_association.is_active AS role_permission_association_is_active, role_permission_association.is_deleted AS role_permission_association_is_deleted, role_permission_association.date_created AS role_permission_association_date_created, role_permission_association.date_updated AS role_permission_association_date_updated, role_permission_association.date_deleted AS role_permission_association_date_deleted, role_permission_association.created_by_id AS role_permission_association_created_by_id, role_permission_association.updated_by_id AS role_permission_association_updated_by_id, role_permission_association.deleted_by_id AS role_permission_association_deleted_by_id 
FROM role_permission_association 
WHERE %(param_1)s = role_permission_association.role_id
INFO     sqlalchemy.engine.Engine:base.py:1904 [cached since 0.01044s ago] {'param_1': 7}
INFO     sqlalchemy.engine.Engine:base.py:1899 SELECT role.name, role.code, role.description, role.is_system, role.id, role.is_active, role.is_deleted, role.date_created, role.date_updated, role.date_deleted, role.created_by_id, role.updated_by_id, role.deleted_by_id 
FROM role 
WHERE role.id = %(pk_1)s
INFO     sqlalchemy.engine.Engine:base.py:1904 [cached since 0.01228s ago] {'pk_1': 9}
INFO     sqlalchemy.engine.Engine:base.py:1899 SELECT role_permission_association.role_id AS role_permission_association_role_id, role_permission_association.permission_id AS role_permission_association_permission_id, role_permission_association.id AS role_permission_association_id, role_permission_association.is_active AS role_permission_association_is_active, role_permission_association.is_deleted AS role_permission_association_is_deleted, role_permission_association.date_created AS role_permission_association_date_created, role_permission_association.date_updated AS role_permission_association_date_updated, role_permission_association.date_deleted AS role_permission_association_date_deleted, role_permission_association.created_by_id AS role_permission_association_created_by_id, role_permission_association.updated_by_id AS role_permission_association_updated_by_id, role_permission_association.deleted_by_id AS role_permission_association_deleted_by_id 
FROM role_permission_association 
WHERE %(param_1)s = role_permission_association.role_id
INFO     sqlalchemy.engine.Engine:base.py:1904 [cached since 0.01136s ago] {'param_1': 9}
INFO     sqlalchemy.engine.Engine:base.py:1899 SELECT role.name, role.code, role.description, role.is_system, role.id, role.is_active, role.is_deleted, role.date_created, role.date_updated, role.date_deleted, role.created_by_id, role.updated_by_id, role.deleted_by_id 
FROM role 
WHERE role.id = %(pk_1)s
INFO     sqlalchemy.engine.Engine:base.py:1904 [cached since 0.01318s ago] {'pk_1': 10}
INFO     sqlalchemy.engine.Engine:base.py:1899 SELECT role_permission_association.role_id AS role_permission_association_role_id, role_permission_association.permission_id AS role_permission_association_permission_id, role_permission_association.id AS role_permission_association_id, role_permission_association.is_active AS role_permission_association_is_active, role_permission_association.is_deleted AS role_permission_association_is_deleted, role_permission_association.date_created AS role_permission_association_date_created, role_permission_association.date_updated AS role_permission_association_date_updated, role_permission_association.date_deleted AS role_permission_association_date_deleted, role_permission_association.created_by_id AS role_permission_association_created_by_id, role_permission_association.updated_by_id AS role_permission_association_updated_by_id, role_permission_association.deleted_by_id AS role_permission_association_deleted_by_id 
FROM role_permission_association 
WHERE %(param_1)s = role_permission_association.role_id
INFO     sqlalchemy.engine.Engine:base.py:1904 [cached since 0.01223s ago] {'param_1': 10}
INFO     sqlalchemy.engine.Engine:base.py:1899 SELECT role.name, role.code, role.description, role.is_system, role.id, role.is_active, role.is_deleted, role.date_created, role.date_updated, role.date_deleted, role.created_by_id, role.updated_by_id, role.deleted_by_id 
FROM role 
WHERE role.id = %(pk_1)s
INFO     sqlalchemy.engine.Engine:base.py:1904 [cached since 0.01415s ago] {'pk_1': 11}
INFO     sqlalchemy.engine.Engine:base.py:1899 SELECT role_permission_association.role_id AS role_permission_association_role_id, role_permission_association.permission_id AS role_permission_association_permission_id, role_permission_association.id AS role_permission_association_id, role_permission_association.is_active AS role_permission_association_is_active, role_permission_association.is_deleted AS role_permission_association_is_deleted, role_permission_association.date_created AS role_permission_association_date_created, role_permission_association.date_updated AS role_permission_association_date_updated, role_permission_association.date_deleted AS role_permission_association_date_deleted, role_permission_association.created_by_id AS role_permission_association_created_by_id, role_permission_association.updated_by_id AS role_permission_association_updated_by_id, role_permission_association.deleted_by_id AS role_permission_association_deleted_by_id 
FROM role_permission_association 
WHERE %(param_1)s = role_permission_association.role_id
INFO     sqlalchemy.engine.Engine:base.py:1904 [cached since 0.01322s ago] {'param_1': 11}
INFO     sqlalchemy.engine.Engine:base.py:1899 SELECT role.name, role.code, role.description, role.is_system, role.id, role.is_active, role.is_deleted, role.date_created, role.date_updated, role.date_deleted, role.created_by_id, role.updated_by_id, role.deleted_by_id 
FROM role 
WHERE role.id = %(pk_1)s
INFO     sqlalchemy.engine.Engine:base.py:1904 [cached since 0.01499s ago] {'pk_1': 14}
INFO     sqlalchemy.engine.Engine:base.py:1899 SELECT role_permission_association.role_id AS role_permission_association_role_id, role_permission_association.permission_id AS role_permission_association_permission_id, role_permission_association.id AS role_permission_association_id, role_permission_association.is_active AS role_permission_association_is_active, role_permission_association.is_deleted AS role_permission_association_is_deleted, role_permission_association.date_created AS role_permission_association_date_created, role_permission_association.date_updated AS role_permission_association_date_updated, role_permission_association.date_deleted AS role_permission_association_date_deleted, role_permission_association.created_by_id AS role_permission_association_created_by_id, role_permission_association.updated_by_id AS role_permission_association_updated_by_id, role_permission_association.deleted_by_id AS role_permission_association_deleted_by_id 
FROM role_permission_association 
WHERE %(param_1)s = role_permission_association.role_id
INFO     sqlalchemy.engine.Engine:base.py:1904 [cached since 0.01421s ago] {'param_1': 14}
INFO     sqlalchemy.engine.Engine:base.py:1899 SELECT role.name, role.code, role.description, role.is_system, role.id, role.is_active, role.is_deleted, role.date_created, role.date_updated, role.date_deleted, role.created_by_id, role.updated_by_id, role.deleted_by_id 
FROM role 
WHERE role.id = %(pk_1)s
INFO     sqlalchemy.engine.Engine:base.py:1904 [cached since 0.01603s ago] {'pk_1': 12}
INFO     sqlalchemy.engine.Engine:base.py:1899 SELECT role_permission_association.role_id AS role_permission_association_role_id, role_permission_association.permission_id AS role_permission_association_permission_id, role_permission_association.id AS role_permission_association_id, role_permission_association.is_active AS role_permission_association_is_active, role_permission_association.is_deleted AS role_permission_association_is_deleted, role_permission_association.date_created AS role_permission_association_date_created, role_permission_association.date_updated AS role_permission_association_date_updated, role_permission_association.date_deleted AS role_permission_association_date_deleted, role_permission_association.created_by_id AS role_permission_association_created_by_id, role_permission_association.updated_by_id AS role_permission_association_updated_by_id, role_permission_association.deleted_by_id AS role_permission_association_deleted_by_id 
FROM role_permission_association 
WHERE %(param_1)s = role_permission_association.role_id
INFO     sqlalchemy.engine.Engine:base.py:1904 [cached since 0.01508s ago] {'param_1': 12}
INFO     sqlalchemy.engine.Engine:base.py:1899 SELECT role.name, role.code, role.description, role.is_system, role.id, role.is_active, role.is_deleted, role.date_created, role.date_updated, role.date_deleted, role.created_by_id, role.updated_by_id, role.deleted_by_id 
FROM role 
WHERE role.id = %(pk_1)s
INFO     sqlalchemy.engine.Engine:base.py:1904 [cached since 0.01684s ago] {'pk_1': 15}
INFO     sqlalchemy.engine.Engine:base.py:1899 SELECT role_permission_association.role_id AS role_permission_association_role_id, role_permission_association.permission_id AS role_permission_association_permission_id, role_permission_association.id AS role_permission_association_id, role_permission_association.is_active AS role_permission_association_is_active, role_permission_association.is_deleted AS role_permission_association_is_deleted, role_permission_association.date_created AS role_permission_association_date_created, role_permission_association.date_updated AS role_permission_association_date_updated, role_permission_association.date_deleted AS role_permission_association_date_deleted, role_permission_association.created_by_id AS role_permission_association_created_by_id, role_permission_association.updated_by_id AS role_permission_association_updated_by_id, role_permission_association.deleted_by_id AS role_permission_association_deleted_by_id 
FROM role_permission_association 
WHERE %(param_1)s = role_permission_association.role_id
INFO     sqlalchemy.engine.Engine:base.py:1904 [cached since 0.01623s ago] {'param_1': 15}
INFO     sqlalchemy.engine.Engine:base.py:1899 SELECT role.name, role.code, role.description, role.is_system, role.id, role.is_active, role.is_deleted, role.date_created, role.date_updated, role.date_deleted, role.created_by_id, role.updated_by_id, role.deleted_by_id 
FROM role 
WHERE role.id = %(pk_1)s
INFO     sqlalchemy.engine.Engine:base.py:1904 [cached since 0.01802s ago] {'pk_1': 16}
INFO     sqlalchemy.engine.Engine:base.py:1899 SELECT role_permission_association.role_id AS role_permission_association_role_id, role_permission_association.permission_id AS role_permission_association_permission_id, role_permission_association.id AS role_permission_association_id, role_permission_association.is_active AS role_permission_association_is_active, role_permission_association.is_deleted AS role_permission_association_is_deleted, role_permission_association.date_created AS role_permission_association_date_created, role_permission_association.date_updated AS role_permission_association_date_updated, role_permission_association.date_deleted AS role_permission_association_date_deleted, role_permission_association.created_by_id AS role_permission_association_created_by_id, role_permission_association.updated_by_id AS role_permission_association_updated_by_id, role_permission_association.deleted_by_id AS role_permission_association_deleted_by_id 
FROM role_permission_association 
WHERE %(param_1)s = role_permission_association.role_id
INFO     sqlalchemy.engine.Engine:base.py:1904 [cached since 0.01705s ago] {'param_1': 16}
INFO     sqlalchemy.engine.Engine:base.py:1899 SELECT role.name, role.code, role.description, role.is_system, role.id, role.is_active, role.is_deleted, role.date_created, role.date_updated, role.date_deleted, role.created_by_id, role.updated_by_id, role.deleted_by_id 
FROM role 
[...]
2026-05-05 23:27:40,315 INFO sqlalchemy.engine.Engine ROLLBACK
------------------------------ Captured log call -------------------------------
INFO     sqlalchemy.engine.Engine:base.py:1899 INSERT INTO "user" (username, email, phone_number, password_hash, first_name, last_name, middle_name, status, is_superuser, is_email_verified, is_phone_verified, is_two_factor_enabled, last_login_at, password_changed_at, failed_login_attempts, locked_until, last_failed_login_at, profile_photo_url, job_title, department_id, facility_id, employment_status, bio, date_of_birth, gender, is_active, is_deleted, date_created, date_updated, date_deleted, created_by_id, updated_by_id, deleted_by_id) VALUES (%(username)s, %(email)s, %(phone_number)s, %(password_hash)s, %(first_name)s, %(last_name)s, %(middle_name)s, %(status)s, %(is_superuser)s, %(is_email_verified)s, %(is_phone_verified)s, %(is_two_factor_enabled)s, %(last_login_at)s, %(password_changed_at)s, %(failed_login_attempts)s, %(locked_until)s, %(last_failed_login_at)s, %(profile_photo_url)s, %(job_title)s, %(department_id)s, %(facility_id)s, %(employment_status)s, %(bio)s, %(date_of_birth)s, %(gender)s, %(is_active)s, %(is_deleted)s, %(date_created)s, %(date_updated)s, %(date_deleted)s, %(created_by_id)s, %(updated_by_id)s, %(deleted_by_id)s) RETURNING "user".id
INFO     sqlalchemy.engine.Engine:base.py:1904 [cached since 2.133s ago] {'username': 'u-352e4a45aa', 'email': 'u-352e4a45aa@test.example', 'phone_number': None, 'password_hash': '$2b$12$qVWuOCNyFwr5p76JPhLWIe.ZHYEOcrCxEHhCICueBLiR/EqQN2Cie', 'first_name': 'Test', 'last_name': 'User', 'middle_name': None, 'status': 'ACTIVE', 'is_superuser': False, 'is_email_verified': True, 'is_phone_verified': False, 'is_two_factor_enabled': False, 'last_login_at': None, 'password_changed_at': None, 'failed_login_attempts': 0, 'locked_until': None, 'last_failed_login_at': None, 'profile_photo_url': None, 'job_title': None, 'department_id': None, 'facility_id': None, 'employment_status': None, 'bio': None, 'date_of_birth': None, 'gender': None, 'is_active': True, 'is_deleted': False, 'date_created': datetime.datetime(2026, 5, 5, 22, 27, 40, 300784, tzinfo=datetime.timezone.utc), 'date_updated': datetime.datetime(2026, 5, 5, 22, 27, 40, 300787, tzinfo=datetime.timezone.utc), 'date_deleted': None, 'created_by_id': None, 'updated_by_id': None, 'deleted_by_id': None}
INFO     sqlalchemy.engine.Engine:base.py:1899 SELECT role.name AS role_name, role.code AS role_code, role.description AS role_description, role.is_system AS role_is_system, role.id AS role_id, role.is_active AS role_is_active, role.is_deleted AS role_is_deleted, role.date_created AS role_date_created, role.date_updated AS role_date_updated, role.date_deleted AS role_date_deleted, role.created_by_id AS role_created_by_id, role.updated_by_id AS role_updated_by_id, role.deleted_by_id AS role_deleted_by_id 
FROM role 
WHERE role.code = %(code_1)s AND role.is_deleted IS false 
 LIMIT %(param_1)s
INFO     sqlalchemy.engine.Engine:base.py:1904 [cached since 2.123s ago] {'code_1': 'DOCTOR', 'param_1': 1}
INFO     sqlalchemy.engine.Engine:base.py:1899 INSERT INTO user_role_association (user_id, role_id, is_active, is_deleted, date_created, date_updated, date_deleted, created_by_id, updated_by_id, deleted_by_id) VALUES (%(user_id)s, %(role_id)s, %(is_active)s, %(is_deleted)s, %(date_created)s, %(date_updated)s, %(date_deleted)s, %(created_by_id)s, %(updated_by_id)s, %(deleted_by_id)s) RETURNING user_role_association.id
INFO     sqlalchemy.engine.Engine:base.py:1904 [cached since 2.123s ago] {'user_id': 1230, 'role_id': 5, 'is_active': True, 'is_deleted': False, 'date_created': datetime.datetime(2026, 5, 5, 22, 27, 40, 302677, tzinfo=datetime.timezone.utc), 'date_updated': datetime.datetime(2026, 5, 5, 22, 27, 40, 302679, tzinfo=datetime.timezone.utc), 'date_deleted': None, 'created_by_id': None, 'updated_by_id': None, 'deleted_by_id': None}
INFO     sqlalchemy.engine.Engine:base.py:1143 COMMIT
INFO     sqlalchemy.engine.Engine:base.py:1094 BEGIN (implicit)
INFO     sqlalchemy.engine.Engine:base.py:1899 SELECT "user".username, "user".email, "user".phone_number, "user".password_hash, "user".first_name, "user".last_name, "user".middle_name, "user".status, "user".is_superuser, "user".is_email_verified, "user".is_phone_verified, "user".is_two_factor_enabled, "user".last_login_at, "user".password_changed_at, "user".failed_login_attempts, "user".locked_until, "user".last_failed_login_at, "user".profile_photo_url, "user".job_title, "user".department_id, "user".facility_id, "user".employment_status, "user".bio, "user".date_of_birth, "user".gender, "user".id, "user".is_active, "user".is_deleted, "user".date_created, "user".date_updated, "user".date_deleted, "user".created_by_id, "user".updated_by_id, "user".deleted_by_id 
FROM "user" 
WHERE "user".id = %(pk_1)s
INFO     sqlalchemy.engine.Engine:base.py:1904 [cached since 2.12s ago] {'pk_1': 1230}
INFO     sqlalchemy.engine.Engine:base.py:1899 INSERT INTO staff_profile (user_id, facility_id, department_id, service_delivery_point_id, staff_no, job_title, designation, professional_license_no, specialty, employment_type, employment_status, hire_date, confirmation_date, probation_end_date, contract_start_date, contract_end_date, exit_date, exit_reason, supervisor_staff_id, salary_grade, salary_step, base_salary_amount, salary_currency, date_of_birth, gender, marital_status, nationality, address_line_1, address_line_2, city, state_region, country, personal_email, personal_phone, next_of_kin_name, next_of_kin_relationship, next_of_kin_phone, emergency_contact_name, emergency_contact_phone, tax_id, pension_pin, nhf_no, bank_name, bank_account_no, bank_account_name, onboarded_at, onboarding_completed, is_active, is_deleted, date_created, date_updated, date_deleted, created_by_id, updated_by_id, deleted_by_id) VALUES (%(user_id)s, %(facility_id)s, %(department_id)s, %(service_delivery_point_id)s, %(staff_no)s, %(job_title)s, %(designation)s, %(professional_license_no)s, %(specialty)s, %(employment_type)s, %(employment_status)s, %(hire_date)s, %(confirmation_date)s, %(probation_end_date)s, %(contract_start_date)s, %(contract_end_date)s, %(exit_date)s, %(exit_reason)s, %(supervisor_staff_id)s, %(salary_grade)s, %(salary_step)s, %(base_salary_amount)s, %(salary_currency)s, %(date_of_birth)s, %(gender)s, %(marital_status)s, %(nationality)s, %(address_line_1)s, %(address_line_2)s, %(city)s, %(state_region)s, %(country)s, %(personal_email)s, %(personal_phone)s, %(next_of_kin_name)s, %(next_of_kin_relationship)s, %(next_of_kin_phone)s, %(emergency_contact_name)s, %(emergency_contact_phone)s, %(tax_id)s, %(pension_pin)s, %(nhf_no)s, %(bank_name)s, %(bank_account_no)s, %(bank_account_name)s, %(onboarded_at)s, %(onboarding_completed)s, %(is_active)s, %(is_deleted)s, %(date_created)s, %(date_updated)s, %(date_deleted)s, %(created_by_id)s, %(updated_by_id)s, %(deleted_by_id)s) RETURNING staff_profile.id
INFO     sqlalchemy.engine.Engine:base.py:1904 [cached since 2.132s ago] {'user_id': 1230, 'facility_id': None, 'department_id': None, 'service_delivery_point_id': None, 'staff_no': 'STF-68867ECB', 'job_title': 'Test Staff', 'designation': None, 'professional_license_no': None, 'specialty': None, 'employment_type': None, 'employment_status': 'ACTIVE', 'hire_date': None, 'confirmation_date': None, 'probation_end_date': None, 'contract_start_date': None, 'contract_end_date': None, 'exit_date': None, 'exit_reason': None, 'supervisor_staff_id': None, 'salary_grade': None, 'salary_step': None, 'base_salary_amount': None, 'salary_currency': None, 'date_of_birth': None, 'gender': None, 'marital_status': None, 'nationality': None, 'address_line_1': None, 'address_line_2': None, 'city': None, 'state_region': None, 'country': None, 'personal_email': None, 'personal_phone': None, 'next_of_kin_name': None, 'next_of_kin_relationship': None, 'next_of_kin_phone': None, 'emergency_contact_name': None, 'emergency_contact_phone': None, 'tax_id': None, 'pension_pin': None, 'nhf_no': None, 'bank_name': None, 'bank_account_no': None, 'bank_account_name': None, 'onboarded_at': None, 'onboarding_completed': False, 'is_active': True, 'is_deleted': False, 'date_created': datetime.datetime(2026, 5, 5, 22, 27, 40, 305534, tzinfo=datetime.timezone.utc), 'date_updated': datetime.datetime(2026, 5, 5, 22, 27, 40, 305535, tzinfo=datetime.timezone.utc), 'date_deleted': None, 'created_by_id': None, 'updated_by_id': None, 'deleted_by_id': None}
INFO     sqlalchemy.engine.Engine:base.py:1143 COMMIT
INFO     sqlalchemy.engine.Engine:base.py:1094 BEGIN (implicit)
INFO     sqlalchemy.engine.Engine:base.py:1899 SELECT staff_profile.user_id, staff_profile.facility_id, staff_profile.department_id, staff_profile.service_delivery_point_id, staff_profile.staff_no, staff_profile.job_title, staff_profile.designation, staff_profile.professional_license_no, staff_profile.specialty, staff_profile.employment_type, staff_profile.employment_status, staff_profile.hire_date, staff_profile.confirmation_date, staff_profile.probation_end_date, staff_profile.contract_start_date, staff_profile.contract_end_date, staff_profile.exit_date, staff_profile.exit_reason, staff_profile.supervisor_staff_id, staff_profile.salary_grade, staff_profile.salary_step, staff_profile.base_salary_amount, staff_profile.salary_currency, staff_profile.date_of_birth, staff_profile.gender, staff_profile.marital_status, staff_profile.nationality, staff_profile.address_line_1, staff_profile.address_line_2, staff_profile.city, staff_profile.state_region, staff_profile.country, staff_profile.personal_email, staff_profile.personal_phone, staff_profile.next_of_kin_name, staff_profile.next_of_kin_relationship, staff_profile.next_of_kin_phone, staff_profile.emergency_contact_name, staff_profile.emergency_contact_phone, staff_profile.tax_id, staff_profile.pension_pin, staff_profile.nhf_no, staff_profile.bank_name, staff_profile.bank_account_no, staff_profile.bank_account_name, staff_profile.onboarded_at, staff_profile.onboarding_completed, staff_profile.id, staff_profile.is_active, staff_profile.is_deleted, staff_profile.date_created, staff_profile.date_updated, staff_profile.date_deleted, staff_profile.created_by_id, staff_profile.updated_by_id, staff_profile.deleted_by_id 
FROM staff_profile 
WHERE staff_profile.id = %(pk_1)s
INFO     sqlalchemy.engine.Engine:base.py:1904 [cached since 2.12s ago] {'pk_1': 1126}
INFO     sqlalchemy.engine.Engine:base.py:1899 SELECT approval_flow.code AS approval_flow_code, approval_flow.name AS approval_flow_name, approval_flow.description AS approval_flow_description, approval_flow.subject_type AS approval_flow_subject_type, approval_flow.is_default AS approval_flow_is_default, approval_flow.version AS approval_flow_version, approval_flow.sla_hours AS approval_flow_sla_hours, approval_flow.auto_cancel_after_hours AS approval_flow_auto_cancel_after_hours, approval_flow.notify_on_submit AS approval_flow_notify_on_submit, approval_flow.notify_on_decision AS approval_flow_notify_on_decision, approval_flow.id AS approval_flow_id, approval_flow.is_active AS approval_flow_is_active, approval_flow.is_deleted AS approval_flow_is_deleted, approval_flow.date_created AS approval_flow_date_created, approval_flow.date_updated AS approval_flow_date_updated, approval_flow.date_deleted AS approval_flow_date_deleted, approval_flow.created_by_id AS approval_flow_created_by_id, approval_flow.updated_by_id AS approval_flow_updated_by_id, approval_flow.deleted_by_id AS approval_flow_deleted_by_id 
FROM approval_flow 
WHERE approval_flow.is_deleted IS false AND approval_flow.subject_type = %(subject_type_1)s AND upper(approval_flow.code) = %(upper_1)s 
 LIMIT %(param_1)s
INFO     sqlalchemy.engine.Engine:base.py:1904 [cached since 2.117s ago] {'subject_type_1': 'STAFF_REQUEST', 'upper_1': 'STAFF_INT_BC9E16', 'param_1': 1}
INFO     sqlalchemy.engine.Engine:base.py:1899 INSERT INTO approval_flow (code, name, description, subject_type, is_default, version, sla_hours, auto_cancel_after_hours, notify_on_submit, notify_on_decision, is_active, is_deleted, date_created, date_updated, date_deleted, created_by_id, updated_by_id, deleted_by_id) VALUES (%(code)s, %(name)s, %(description)s, %(subject_type)s, %(is_default)s, %(version)s, %(sla_hours)s, %(auto_cancel_after_hours)s, %(notify_on_submit)s, %(notify_on_decision)s, %(is_active)s, %(is_deleted)s, %(date_created)s, %(date_updated)s, %(date_deleted)s, %(created_by_id)s, %(updated_by_id)s, %(deleted_by_id)s) RETURNING approval_flow.id
INFO     sqlalchemy.engine.Engine:base.py:1904 [cached since 2.115s ago] {'code': 'STAFF_INT_BC9E16', 'name': 'Staff Integration Flow', 'description': None, 'subject_type': 'STAFF_REQUEST', 'is_default': False, 'version': 1, 'sla_hours': None, 'auto_cancel_after_hours': None, 'notify_on_submit': True, 'notify_on_decision': True, 'is_active': True, 'is_deleted': False, 'date_created': datetime.datetime(2026, 5, 5, 22, 27, 40, 308251, tzinfo=datetime.timezone.utc), 'date_updated': datetime.datetime(2026, 5, 5, 22, 27, 40, 308252, tzinfo=datetime.timezone.utc), 'date_deleted': None, 'created_by_id': 1229, 'updated_by_id': 1229, 'deleted_by_id': None}
INFO     sqlalchemy.engine.Engine:base.py:1899 INSERT INTO approval_flow_step (flow_id, step_order, name, description, decision_rule, required_approvals, allow_self_approval, sla_hours, is_optional, parallel_group, is_active, is_deleted, date_created, date_updated, date_deleted, created_by_id, updated_by_id, deleted_by_id) VALUES (%(flow_id)s, %(step_order)s, %(name)s, %(description)s, %(decision_rule)s, %(required_approvals)s, %(allow_self_approval)s, %(sla_hours)s, %(is_optional)s, %(parallel_group)s, %(is_active)s, %(is_deleted)s, %(date_created)s, %(date_updated)s, %(date_deleted)s, %(created_by_id)s, %(updated_by_id)s, %(deleted_by_id)s) RETURNING approval_flow_step.id
INFO     sqlalchemy.engine.Engine:base.py:1904 [cached since 2.114s ago] {'flow_id': 16, 'step_order': 1, 'name': 'Approval', 'description': None, 'decision_rule': 'ANY_OF', 'required_approvals': 1, 'allow_self_approval': False, 'sla_hours': None, 'is_optional': False, 'parallel_group': None, 'is_active': True, 'is_deleted': False, 'date_created': datetime.datetime(2026, 5, 5, 22, 27, 40, 308894, tzinfo=datetime.timezone.utc), 'date_updated': datetime.datetime(2026, 5, 5, 22, 27, 40, 308896, tzinfo=datetime.timezone.utc), 'date_deleted': None, 'created_by_id': 1229, 'updated_by_id': 1229, 'deleted_by_id': None}
INFO     sqlalchemy.engine.Engine:base.py:1899 INSERT INTO approval_flow_step_approver (step_id, approver_kind, user_id, role_id, department_id, dynamic_token, is_required, notes, is_active, is_deleted, date_created, date_updated, date_deleted, created_by_id, updated_by_id, deleted_by_id) VALUES (%(step_id)s, %(approver_kind)s, %(user_id)s, %(role_id)s, %(department_id)s, %(dynamic_token)s, %(is_required)s, %(notes)s, %(is_active)s, %(is_deleted)s, %(date_created)s, %(date_updated)s, %(date_deleted)s, %(created_by_id)s, %(updated_by_id)s, %(deleted_by_id)s) RETURNING approval_flow_step_approver.id
INFO     sqlalchemy.engine.Engine:base.py:1904 [cached since 2.111s ago] {'step_id': 19, 'approver_kind': 'USER', 'user_id': 1229, 'role_id': None, 'department_id': None, 'dynamic_token': None, 'is_required': True, 'notes': None, 'is_active': True, 'is_deleted': False, 'date_created': datetime.datetime(2026, 5, 5, 22, 27, 40, 309622, tzinfo=datetime.timezone.utc), 'date_updated': datetime.datetime(2026, 5, 5, 22, 27, 40, 309623, tzinfo=datetime.timezone.utc), 'date_deleted': None, 'created_by_id': 1229, 'updated_by_id': 1229, 'deleted_by_id': None}
INFO     sqlalchemy.engine.Engine:base.py:1899 SELECT approval_flow.code, approval_flow.name, approval_flow.description, approval_flow.subject_type, approval_flow.is_default, approval_flow.version, approval_flow.sla_hours, approval_flow.auto_cancel_after_hours, approval_flow.notify_on_submit, approval_flow.notify_on_decision, approval_flow.id, approval_flow.is_active, approval_flow.is_deleted, approval_flow.date_created, approval_flow.date_updated, approval_flow.date_deleted, approval_flow.created_by_id, approval_flow.updated_by_id, approval_flow.deleted_by_id 
FROM approval_flow 
WHERE approval_flow.id = %(pk_1)s
INFO     sqlalchemy.engine.Engine:base.py:1904 [cached since 2.108s ago] {'pk_1': 16}
INFO     sqlalchemy.engine.Engine:base.py:1143 COMMIT
INFO     sqlalchemy.engine.Engine:base.py:1094 BEGIN (implicit)
INFO     sqlalchemy.engine.Engine:base.py:1899 SELECT approval_flow.code AS approval_flow_code, approval_flow.name AS approval_flow_name, approval_flow.description AS approval_flow_description, approval_flow.subject_type AS approval_flow_subject_type, approval_flow.is_default AS approval_flow_is_default, approval_flow.version AS approval_flow_version, approval_flow.sla_hours AS approval_flow_sla_hours, approval_flow.auto_cancel_after_hours AS approval_flow_auto_cancel_after_hours, approval_flow.notify_on_submit AS approval_flow_notify_on_submit, approval_flow.notify_on_decision AS approval_flow_notify_on_decision, approval_flow.id AS approval_flow_id, approval_flow.is_active AS approval_flow_is_active, approval_flow.is_deleted AS approval_flow_is_deleted, approval_flow.date_created AS approval_flow_date_created, approval_flow.date_updated AS approval_flow_date_updated, approval_flow.date_deleted AS approval_flow_date_deleted, approval_flow.created_by_id AS approval_flow_created_by_id, approval_flow.updated_by_id AS approval_flow_updated_by_id, approval_flow.deleted_by_id AS approval_flow_deleted_by_id 
FROM approval_flow 
WHERE approval_flow.is_deleted IS false AND approval_flow.id = %(id_1)s 
 LIMIT %(param_1)s
INFO     sqlalchemy.engine.Engine:base.py:1904 [cached since 2.108s ago] {'id_1': 16, 'param_1': 1}
INFO     sqlalchemy.engine.Engine:base.py:1143 COMMIT
INFO     sqlalchemy.engine.Engine:base.py:1094 BEGIN (implicit)
INFO     sqlalchemy.engine.Engine:base.py:1899 INSERT INTO staff_request (staff_profile_id, request_type, title, description, status, submitted_at, decided_at, decided_by_user_id, decision_note, is_active, is_deleted, date_created, date_updated, date_deleted, created_by_id, updated_by_id, deleted_by_id) VALUES (%(staff_profile_id)s, %(request_type)s, %(title)s, %(description)s, %(status)s, %(submitted_at)s, %(decided_at)s, %(decided_by_user_id)s, %(decision_note)s, %(is_active)s, %(is_deleted)s, %(date_created)s, %(date_updated)s, %(date_deleted)s, %(created_by_id)s, %(updated_by_id)s, %(deleted_by_id)s) RETURNING staff_request.id
INFO     sqlalchemy.engine.Engine:base.py:1904 [generated in 0.00009s] {'staff_profile_id': 1126, 'request_type': 'DOCUMENT', 'title': None, 'description': None, 'status': 'PENDING', 'submitted_at': None, 'decided_at': None, 'decided_by_user_id': None, 'decision_note': None, 'is_active': True, 'is_deleted': False, 'date_created': datetime.datetime(2026, 5, 5, 22, 27, 40, 314359, tzinfo=datetime.timezone.utc), 'date_updated': datetime.datetime(2026, 5, 5, 22, 27, 40, 314360, tzinfo=datetime.timezone.utc), 'date_deleted': None, 'created_by_id': None, 'updated_by_id': None, 'deleted_by_id': None}
INFO     sqlalchemy.engine.Engine:base.py:1126 ROLLBACK
=========================== short test summary info ============================
FAILED app/tests/integration/test_approval_workflow_integration.py::TestApprovalWorkflowIntegration::test_timesheet_multi_step_approval_workflow
FAILED app/tests/integration/test_approval_workflow_integration.py::TestApprovalWorkflowIntegration::test_staff_request_approval_workflow
ERROR app/tests/integration/test_approval_workflow_integration.py::TestApprovalWorkflowIntegration::test_leave_approval_workflow
===================== 2 failed, 2 passed, 1 error in 4.09s =====================
